[
   {
      "insid" : "CF607",
      "size" : 472
   },
   {
      "insid" : "CF609",
      "size" : 3714
   },
   {
      "insid" : "CF611",
      "size" : 692
   },
   {
      "insid" : "CF701",
      "size" : 2362
   },
   {
      "insid" : "CF703",
      "size" : 548
   },
   {
      "insid" : "FG606",
      "size" : 138
   },
   {
      "insid" : "FG607",
      "size" : 67
   },
   {
      "insid" : "FG608",
      "size" : 53
   },
   {
      "insid" : "FG609",
      "size" : 2841
   },
   {
      "insid" : "FG610",
      "size" : 53
   },
   {
      "insid" : "FG611",
      "size" : 116
   },
   {
      "insid" : "FG612",
      "size" : 25
   },
   {
      "insid" : "FG701",
      "size" : 565
   },
   {
      "insid" : "FG702",
      "size" : 113
   },
   {
      "insid" : "FG703",
      "size" : 80
   },
   {
      "insid" : "IC1606",
      "size" : 5354
   },
   {
      "insid" : "IC1609",
      "size" : 3198
   },
   {
      "insid" : "IF1606",
      "size" : 4731
   },
   {
      "insid" : "IF1609",
      "size" : 2351
   },
   {
      "insid" : "IH1606",
      "size" : 3118
   },
   {
      "insid" : "IH1609",
      "size" : 1232
   },
   {
      "insid" : "IPS SF606&SM606",
      "size" : 0
   },
   {
      "insid" : "IPS SF607&SM607",
      "size" : 0
   },
   {
      "insid" : "IPS SF608&SM608",
      "size" : 0
   },
   {
      "insid" : "IPS SF609&SM609",
      "size" : 0
   },
   {
      "insid" : "IPS SF610&SM610",
      "size" : 0
   },
   {
      "insid" : "IPS SF611&SM611",
      "size" : 0
   },
   {
      "insid" : "IPS SF612&SM612",
      "size" : 0
   },
   {
      "insid" : "IPS SF701&SM701",
      "size" : 0
   },
   {
      "insid" : "IPS SF702&SM702",
      "size" : 0
   },
   {
      "insid" : "IPS SF703&SM703",
      "size" : 0
   },
   {
      "insid" : "JR607",
      "size" : 0
   },
   {
      "insid" : "JR609",
      "size" : 0
   },
   {
      "insid" : "JR611",
      "size" : 0
   },
   {
      "insid" : "JR701",
      "size" : 0
   },
   {
      "insid" : "JR703",
      "size" : 0
   },
   {
      "insid" : "LR607",
      "size" : 0
   },
   {
      "insid" : "LR609",
      "size" : 0
   },
   {
      "insid" : "LR611",
      "size" : 0
   },
   {
      "insid" : "LR701",
      "size" : 0
   },
   {
      "insid" : "LR703",
      "size" : 0
   },
   {
      "insid" : "MA606",
      "size" : 5
   },
   {
      "insid" : "MA607",
      "size" : 171
   },
   {
      "insid" : "MA608",
      "size" : 148
   },
   {
      "insid" : "MA609",
      "size" : 4114
   },
   {
      "insid" : "MA610",
      "size" : 160
   },
   {
      "insid" : "MA611",
      "size" : 295
   },
   {
      "insid" : "MA612",
      "size" : 255
   },
   {
      "insid" : "MA701",
      "size" : 1589
   },
   {
      "insid" : "MA702",
      "size" : 146
   },
   {
      "insid" : "MA703",
      "size" : 245
   },
   {
      "insid" : "OI607",
      "size" : 249
   },
   {
      "insid" : "OI609",
      "size" : 1536
   },
   {
      "insid" : "OI611",
      "size" : 267
   },
   {
      "insid" : "OI701",
      "size" : 1402
   },
   {
      "insid" : "OI703",
      "size" : 219
   },
   {
      "insid" : "PM607",
      "size" : 0
   },
   {
      "insid" : "PM609",
      "size" : 0
   },
   {
      "insid" : "PM611",
      "size" : 0
   },
   {
      "insid" : "PM701",
      "size" : 0
   },
   {
      "insid" : "PM703",
      "size" : 8
   },
   {
      "insid" : "RI607",
      "size" : 0
   },
   {
      "insid" : "RI609",
      "size" : 4
   },
   {
      "insid" : "RI611",
      "size" : 0
   },
   {
      "insid" : "RI701",
      "size" : 0
   },
   {
      "insid" : "RI703",
      "size" : 0
   },
   {
      "insid" : "RM607",
      "size" : 290
   },
   {
      "insid" : "RM608",
      "size" : 260
   },
   {
      "insid" : "RM609",
      "size" : 4561
   },
   {
      "insid" : "RM611",
      "size" : 534
   },
   {
      "insid" : "RM701",
      "size" : 1861
   },
   {
      "insid" : "RM703",
      "size" : 411
   },
   {
      "insid" : "RS607",
      "size" : 371
   },
   {
      "insid" : "RS608",
      "size" : 158
   },
   {
      "insid" : "RS609",
      "size" : 352
   },
   {
      "insid" : "RS611",
      "size" : 109
   },
   {
      "insid" : "SF606",
      "size" : 0
   },
   {
      "insid" : "SF607",
      "size" : 0
   },
   {
      "insid" : "SF608",
      "size" : 0
   },
   {
      "insid" : "SF609",
      "size" : 57
   },
   {
      "insid" : "SF610",
      "size" : 0
   },
   {
      "insid" : "SF611",
      "size" : 0
   },
   {
      "insid" : "SF612",
      "size" : 1
   },
   {
      "insid" : "SF701",
      "size" : 4
   },
   {
      "insid" : "SF702",
      "size" : 0
   },
   {
      "insid" : "SF703",
      "size" : 0
   },
   {
      "insid" : "SM606",
      "size" : 0
   },
   {
      "insid" : "SM607",
      "size" : 0
   },
   {
      "insid" : "SM608",
      "size" : 1
   },
   {
      "insid" : "SM609",
      "size" : 59
   },
   {
      "insid" : "SM610",
      "size" : 0
   },
   {
      "insid" : "SM611",
      "size" : 0
   },
   {
      "insid" : "SM612",
      "size" : 1
   },
   {
      "insid" : "SM701",
      "size" : 1
   },
   {
      "insid" : "SM702",
      "size" : 0
   },
   {
      "insid" : "SM703",
      "size" : 0
   },
   {
      "insid" : "SP a1609&a1701",
      "size" : 197
   },
   {
      "insid" : "SP a1701&a1705",
      "size" : 26
   },
   {
      "insid" : "SP b1609&b1701",
      "size" : 0
   },
   {
      "insid" : "SP bb1609&bb1701",
      "size" : 0
   },
   {
      "insid" : "SP c1609&c1701",
      "size" : 21
   },
   {
      "insid" : "SP cs1609&cs1701",
      "size" : 93
   },
   {
      "insid" : "SP fb1609&fb1701",
      "size" : 0
   },
   {
      "insid" : "SP i1609&i1701",
      "size" : 116
   },
   {
      "insid" : "SP j1609&j1701",
      "size" : 61
   },
   {
      "insid" : "SP jd1609&jd1701",
      "size" : 149
   },
   {
      "insid" : "SP jm1609&jm1701",
      "size" : 65
   },
   {
      "insid" : "SP l1609&l1701",
      "size" : 232
   },
   {
      "insid" : "SP m1609&m1701",
      "size" : 279
   },
   {
      "insid" : "SP p1609&p1701",
      "size" : 156
   },
   {
      "insid" : "SP pp1609&pp1701",
      "size" : 358
   },
   {
      "insid" : "SP v1609&v1701",
      "size" : 12
   },
   {
      "insid" : "SP y1609&y1701",
      "size" : 176
   },
   {
      "insid" : "SPC a1609&m1609",
      "size" : 115
   },
   {
      "insid" : "SPC a1701&m1701",
      "size" : 22
   },
   {
      "insid" : "SPC c1609&cs1609",
      "size" : 84
   },
   {
      "insid" : "SPC c1701&cs1701",
      "size" : 79
   },
   {
      "insid" : "SPC fb1609&bb1609",
      "size" : 0
   },
   {
      "insid" : "SPC fb1701&bb1701",
      "size" : 0
   },
   {
      "insid" : "SPC l1609&v1609",
      "size" : 5
   },
   {
      "insid" : "SPC l1701&v1701",
      "size" : 12
   },
   {
      "insid" : "SPC y1609&p1609",
      "size" : 297
   },
   {
      "insid" : "SPC y1701&p1701",
      "size" : 85
   },
   {
      "insid" : "SPD CF607&CF609",
      "size" : 29
   },
   {
      "insid" : "SPD CF607&CF611",
      "size" : 0
   },
   {
      "insid" : "SPD CF607&CF701",
      "size" : 0
   },
   {
      "insid" : "SPD CF607&CF703",
      "size" : 0
   },
   {
      "insid" : "SPD CF609&CF611",
      "size" : 17
   },
   {
      "insid" : "SPD CF609&CF701",
      "size" : 887
   },
   {
      "insid" : "SPD CF609&CF703",
      "size" : 1
   },
   {
      "insid" : "SPD CF611&CF701",
      "size" : 18
   },
   {
      "insid" : "SPD CF611&CF703",
      "size" : 0
   },
   {
      "insid" : "SPD CF701&CF703",
      "size" : 14
   },
   {
      "insid" : "SPD FG606&FG607",
      "size" : 0
   },
   {
      "insid" : "SPD FG606&FG608",
      "size" : 0
   },
   {
      "insid" : "SPD FG606&FG609",
      "size" : 0
   },
   {
      "insid" : "SPD FG606&FG610",
      "size" : 0
   },
   {
      "insid" : "SPD FG606&FG611",
      "size" : 0
   },
   {
      "insid" : "SPD FG606&FG612",
      "size" : 0
   },
   {
      "insid" : "SPD FG606&FG701",
      "size" : 0
   },
   {
      "insid" : "SPD FG606&FG702",
      "size" : 0
   },
   {
      "insid" : "SPD FG606&FG703",
      "size" : 0
   },
   {
      "insid" : "SPD FG607&FG608",
      "size" : 0
   },
   {
      "insid" : "SPD FG607&FG609",
      "size" : 5
   },
   {
      "insid" : "SPD FG607&FG610",
      "size" : 0
   },
   {
      "insid" : "SPD FG607&FG611",
      "size" : 0
   },
   {
      "insid" : "SPD FG607&FG612",
      "size" : 0
   },
   {
      "insid" : "SPD FG607&FG701",
      "size" : 0
   },
   {
      "insid" : "SPD FG607&FG702",
      "size" : 0
   },
   {
      "insid" : "SPD FG607&FG703",
      "size" : 0
   },
   {
      "insid" : "SPD FG608&FG609",
      "size" : 4
   },
   {
      "insid" : "SPD FG608&FG610",
      "size" : 0
   },
   {
      "insid" : "SPD FG608&FG611",
      "size" : 0
   },
   {
      "insid" : "SPD FG608&FG612",
      "size" : 0
   },
   {
      "insid" : "SPD FG608&FG701",
      "size" : 0
   },
   {
      "insid" : "SPD FG608&FG702",
      "size" : 0
   },
   {
      "insid" : "SPD FG608&FG703",
      "size" : 0
   },
   {
      "insid" : "SPD FG609&FG610",
      "size" : 0
   },
   {
      "insid" : "SPD FG609&FG611",
      "size" : 28
   },
   {
      "insid" : "SPD FG609&FG612",
      "size" : 2
   },
   {
      "insid" : "SPD FG609&FG701",
      "size" : 350
   },
   {
      "insid" : "SPD FG609&FG702",
      "size" : 1
   },
   {
      "insid" : "SPD FG609&FG703",
      "size" : 1
   },
   {
      "insid" : "SPD FG610&FG611",
      "size" : 0
   },
   {
      "insid" : "SPD FG610&FG612",
      "size" : 0
   },
   {
      "insid" : "SPD FG610&FG701",
      "size" : 0
   },
   {
      "insid" : "SPD FG610&FG702",
      "size" : 0
   },
   {
      "insid" : "SPD FG610&FG703",
      "size" : 0
   },
   {
      "insid" : "SPD FG611&FG612",
      "size" : 0
   },
   {
      "insid" : "SPD FG611&FG701",
      "size" : 0
   },
   {
      "insid" : "SPD FG611&FG702",
      "size" : 0
   },
   {
      "insid" : "SPD FG611&FG703",
      "size" : 0
   },
   {
      "insid" : "SPD FG612&FG701",
      "size" : 0
   },
   {
      "insid" : "SPD FG612&FG702",
      "size" : 0
   },
   {
      "insid" : "SPD FG612&FG703",
      "size" : 0
   },
   {
      "insid" : "SPD FG701&FG702",
      "size" : 3
   },
   {
      "insid" : "SPD FG701&FG703",
      "size" : 0
   },
   {
      "insid" : "SPD FG702&FG703",
      "size" : 0
   },
   {
      "insid" : "SPD JR607&JR609",
      "size" : 0
   },
   {
      "insid" : "SPD JR607&JR611",
      "size" : 0
   },
   {
      "insid" : "SPD JR607&JR701",
      "size" : 0
   },
   {
      "insid" : "SPD JR607&JR703",
      "size" : 0
   },
   {
      "insid" : "SPD JR609&JR611",
      "size" : 0
   },
   {
      "insid" : "SPD JR609&JR701",
      "size" : 0
   },
   {
      "insid" : "SPD JR609&JR703",
      "size" : 0
   },
   {
      "insid" : "SPD JR611&JR701",
      "size" : 0
   },
   {
      "insid" : "SPD JR611&JR703",
      "size" : 0
   },
   {
      "insid" : "SPD JR701&JR703",
      "size" : 0
   },
   {
      "insid" : "SPD LR607&LR609",
      "size" : 0
   },
   {
      "insid" : "SPD LR607&LR611",
      "size" : 0
   },
   {
      "insid" : "SPD LR607&LR701",
      "size" : 0
   },
   {
      "insid" : "SPD LR607&LR703",
      "size" : 0
   },
   {
      "insid" : "SPD LR609&LR611",
      "size" : 0
   },
   {
      "insid" : "SPD LR609&LR701",
      "size" : 0
   },
   {
      "insid" : "SPD LR609&LR703",
      "size" : 0
   },
   {
      "insid" : "SPD LR611&LR701",
      "size" : 0
   },
   {
      "insid" : "SPD LR611&LR703",
      "size" : 0
   },
   {
      "insid" : "SPD LR701&LR703",
      "size" : 0
   },
   {
      "insid" : "SPD MA606&MA607",
      "size" : 1
   },
   {
      "insid" : "SPD MA606&MA608",
      "size" : 1
   },
   {
      "insid" : "SPD MA606&MA609",
      "size" : 0
   },
   {
      "insid" : "SPD MA606&MA610",
      "size" : 0
   },
   {
      "insid" : "SPD MA606&MA611",
      "size" : 0
   },
   {
      "insid" : "SPD MA606&MA612",
      "size" : 0
   },
   {
      "insid" : "SPD MA606&MA701",
      "size" : 0
   },
   {
      "insid" : "SPD MA606&MA702",
      "size" : 0
   },
   {
      "insid" : "SPD MA606&MA703",
      "size" : 0
   },
   {
      "insid" : "SPD MA607&MA608",
      "size" : 0
   },
   {
      "insid" : "SPD MA607&MA609",
      "size" : 30
   },
   {
      "insid" : "SPD MA607&MA610",
      "size" : 0
   },
   {
      "insid" : "SPD MA607&MA611",
      "size" : 0
   },
   {
      "insid" : "SPD MA607&MA612",
      "size" : 0
   },
   {
      "insid" : "SPD MA607&MA701",
      "size" : 0
   },
   {
      "insid" : "SPD MA607&MA702",
      "size" : 0
   },
   {
      "insid" : "SPD MA607&MA703",
      "size" : 0
   },
   {
      "insid" : "SPD MA608&MA609",
      "size" : 0
   },
   {
      "insid" : "SPD MA608&MA610",
      "size" : 0
   },
   {
      "insid" : "SPD MA608&MA611",
      "size" : 0
   },
   {
      "insid" : "SPD MA608&MA612",
      "size" : 0
   },
   {
      "insid" : "SPD MA608&MA701",
      "size" : 0
   },
   {
      "insid" : "SPD MA608&MA702",
      "size" : 0
   },
   {
      "insid" : "SPD MA608&MA703",
      "size" : 0
   },
   {
      "insid" : "SPD MA609&MA610",
      "size" : 5
   },
   {
      "insid" : "SPD MA609&MA611",
      "size" : 3
   },
   {
      "insid" : "SPD MA609&MA612",
      "size" : 0
   },
   {
      "insid" : "SPD MA609&MA701",
      "size" : 380
   },
   {
      "insid" : "SPD MA609&MA702",
      "size" : 1
   },
   {
      "insid" : "SPD MA609&MA703",
      "size" : 1
   },
   {
      "insid" : "SPD MA610&MA611",
      "size" : 0
   },
   {
      "insid" : "SPD MA610&MA612",
      "size" : 0
   },
   {
      "insid" : "SPD MA610&MA701",
      "size" : 0
   },
   {
      "insid" : "SPD MA610&MA702",
      "size" : 0
   },
   {
      "insid" : "SPD MA610&MA703",
      "size" : 0
   },
   {
      "insid" : "SPD MA611&MA612",
      "size" : 0
   },
   {
      "insid" : "SPD MA611&MA701",
      "size" : 0
   },
   {
      "insid" : "SPD MA611&MA702",
      "size" : 0
   },
   {
      "insid" : "SPD MA611&MA703",
      "size" : 0
   },
   {
      "insid" : "SPD MA612&MA701",
      "size" : 0
   },
   {
      "insid" : "SPD MA612&MA702",
      "size" : 0
   },
   {
      "insid" : "SPD MA612&MA703",
      "size" : 0
   },
   {
      "insid" : "SPD MA701&MA702",
      "size" : 0
   },
   {
      "insid" : "SPD MA701&MA703",
      "size" : 0
   },
   {
      "insid" : "SPD MA702&MA703",
      "size" : 0
   },
   {
      "insid" : "SPD OI607&OI609",
      "size" : 19
   },
   {
      "insid" : "SPD OI607&OI611",
      "size" : 0
   },
   {
      "insid" : "SPD OI607&OI701",
      "size" : 0
   },
   {
      "insid" : "SPD OI607&OI703",
      "size" : 0
   },
   {
      "insid" : "SPD OI609&OI611",
      "size" : 0
   },
   {
      "insid" : "SPD OI609&OI701",
      "size" : 381
   },
   {
      "insid" : "SPD OI609&OI703",
      "size" : 1
   },
   {
      "insid" : "SPD OI611&OI701",
      "size" : 0
   },
   {
      "insid" : "SPD OI611&OI703",
      "size" : 0
   },
   {
      "insid" : "SPD OI701&OI703",
      "size" : 30
   },
   {
      "insid" : "SPD PM607&PM609",
      "size" : 0
   },
   {
      "insid" : "SPD PM607&PM611",
      "size" : 0
   },
   {
      "insid" : "SPD PM607&PM701",
      "size" : 0
   },
   {
      "insid" : "SPD PM607&PM703",
      "size" : 0
   },
   {
      "insid" : "SPD PM609&PM611",
      "size" : 0
   },
   {
      "insid" : "SPD PM609&PM701",
      "size" : 0
   },
   {
      "insid" : "SPD PM609&PM703",
      "size" : 0
   },
   {
      "insid" : "SPD PM611&PM701",
      "size" : 0
   },
   {
      "insid" : "SPD PM611&PM703",
      "size" : 0
   },
   {
      "insid" : "SPD PM701&PM703",
      "size" : 0
   },
   {
      "insid" : "SPD RI607&RI609",
      "size" : 0
   },
   {
      "insid" : "SPD RI607&RI611",
      "size" : 0
   },
   {
      "insid" : "SPD RI607&RI701",
      "size" : 0
   },
   {
      "insid" : "SPD RI607&RI703",
      "size" : 0
   },
   {
      "insid" : "SPD RI609&RI611",
      "size" : 0
   },
   {
      "insid" : "SPD RI609&RI701",
      "size" : 0
   },
   {
      "insid" : "SPD RI609&RI703",
      "size" : 0
   },
   {
      "insid" : "SPD RI611&RI701",
      "size" : 0
   },
   {
      "insid" : "SPD RI611&RI703",
      "size" : 0
   },
   {
      "insid" : "SPD RI701&RI703",
      "size" : 0
   },
   {
      "insid" : "SPD RM607&RM608",
      "size" : 0
   },
   {
      "insid" : "SPD RM607&RM609",
      "size" : 1
   },
   {
      "insid" : "SPD RM607&RM611",
      "size" : 0
   },
   {
      "insid" : "SPD RM607&RM701",
      "size" : 0
   },
   {
      "insid" : "SPD RM607&RM703",
      "size" : 0
   },
   {
      "insid" : "SPD RM608&RM609",
      "size" : 0
   },
   {
      "insid" : "SPD RM608&RM611",
      "size" : 0
   },
   {
      "insid" : "SPD RM608&RM701",
      "size" : 0
   },
   {
      "insid" : "SPD RM608&RM703",
      "size" : 0
   },
   {
      "insid" : "SPD RM609&RM611",
      "size" : 102
   },
   {
      "insid" : "SPD RM609&RM701",
      "size" : 657
   },
   {
      "insid" : "SPD RM609&RM703",
      "size" : 1
   },
   {
      "insid" : "SPD RM611&RM701",
      "size" : 98
   },
   {
      "insid" : "SPD RM611&RM703",
      "size" : 0
   },
   {
      "insid" : "SPD RM701&RM703",
      "size" : 2
   },
   {
      "insid" : "SPD RS607&RS608",
      "size" : 58
   },
   {
      "insid" : "SPD RS607&RS609",
      "size" : 85
   },
   {
      "insid" : "SPD RS607&RS611",
      "size" : 0
   },
   {
      "insid" : "SPD RS608&RS609",
      "size" : 3
   },
   {
      "insid" : "SPD RS608&RS611",
      "size" : 0
   },
   {
      "insid" : "SPD RS609&RS611",
      "size" : 7
   },
   {
      "insid" : "SPD SF606&SF607",
      "size" : 0
   },
   {
      "insid" : "SPD SF606&SF608",
      "size" : 0
   },
   {
      "insid" : "SPD SF606&SF609",
      "size" : 0
   },
   {
      "insid" : "SPD SF606&SF610",
      "size" : 0
   },
   {
      "insid" : "SPD SF606&SF611",
      "size" : 0
   },
   {
      "insid" : "SPD SF606&SF612",
      "size" : 0
   },
   {
      "insid" : "SPD SF606&SF701",
      "size" : 0
   },
   {
      "insid" : "SPD SF606&SF702",
      "size" : 0
   },
   {
      "insid" : "SPD SF606&SF703",
      "size" : 0
   },
   {
      "insid" : "SPD SF607&SF608",
      "size" : 0
   },
   {
      "insid" : "SPD SF607&SF609",
      "size" : 0
   },
   {
      "insid" : "SPD SF607&SF610",
      "size" : 0
   },
   {
      "insid" : "SPD SF607&SF611",
      "size" : 0
   },
   {
      "insid" : "SPD SF607&SF612",
      "size" : 0
   },
   {
      "insid" : "SPD SF607&SF701",
      "size" : 0
   },
   {
      "insid" : "SPD SF607&SF702",
      "size" : 0
   },
   {
      "insid" : "SPD SF607&SF703",
      "size" : 0
   },
   {
      "insid" : "SPD SF608&SF609",
      "size" : 0
   },
   {
      "insid" : "SPD SF608&SF610",
      "size" : 0
   },
   {
      "insid" : "SPD SF608&SF611",
      "size" : 0
   },
   {
      "insid" : "SPD SF608&SF612",
      "size" : 0
   },
   {
      "insid" : "SPD SF608&SF701",
      "size" : 0
   },
   {
      "insid" : "SPD SF608&SF702",
      "size" : 0
   },
   {
      "insid" : "SPD SF608&SF703",
      "size" : 0
   },
   {
      "insid" : "SPD SF609&SF610",
      "size" : 0
   },
   {
      "insid" : "SPD SF609&SF611",
      "size" : 0
   },
   {
      "insid" : "SPD SF609&SF612",
      "size" : 0
   },
   {
      "insid" : "SPD SF609&SF701",
      "size" : 0
   },
   {
      "insid" : "SPD SF609&SF702",
      "size" : 0
   },
   {
      "insid" : "SPD SF609&SF703",
      "size" : 0
   },
   {
      "insid" : "SPD SF610&SF611",
      "size" : 0
   },
   {
      "insid" : "SPD SF610&SF612",
      "size" : 0
   },
   {
      "insid" : "SPD SF610&SF701",
      "size" : 0
   },
   {
      "insid" : "SPD SF610&SF702",
      "size" : 0
   },
   {
      "insid" : "SPD SF610&SF703",
      "size" : 0
   },
   {
      "insid" : "SPD SF611&SF612",
      "size" : 0
   },
   {
      "insid" : "SPD SF611&SF701",
      "size" : 0
   },
   {
      "insid" : "SPD SF611&SF702",
      "size" : 0
   },
   {
      "insid" : "SPD SF611&SF703",
      "size" : 0
   },
   {
      "insid" : "SPD SF612&SF701",
      "size" : 0
   },
   {
      "insid" : "SPD SF612&SF702",
      "size" : 0
   },
   {
      "insid" : "SPD SF612&SF703",
      "size" : 0
   },
   {
      "insid" : "SPD SF701&SF702",
      "size" : 0
   },
   {
      "insid" : "SPD SF701&SF703",
      "size" : 0
   },
   {
      "insid" : "SPD SF702&SF703",
      "size" : 0
   },
   {
      "insid" : "SPD SM606&SM607",
      "size" : 0
   },
   {
      "insid" : "SPD SM606&SM608",
      "size" : 0
   },
   {
      "insid" : "SPD SM606&SM609",
      "size" : 0
   },
   {
      "insid" : "SPD SM606&SM610",
      "size" : 0
   },
   {
      "insid" : "SPD SM606&SM611",
      "size" : 0
   },
   {
      "insid" : "SPD SM606&SM612",
      "size" : 0
   },
   {
      "insid" : "SPD SM606&SM701",
      "size" : 0
   },
   {
      "insid" : "SPD SM606&SM702",
      "size" : 0
   },
   {
      "insid" : "SPD SM606&SM703",
      "size" : 0
   },
   {
      "insid" : "SPD SM607&SM608",
      "size" : 0
   },
   {
      "insid" : "SPD SM607&SM609",
      "size" : 0
   },
   {
      "insid" : "SPD SM607&SM610",
      "size" : 0
   },
   {
      "insid" : "SPD SM607&SM611",
      "size" : 0
   },
   {
      "insid" : "SPD SM607&SM612",
      "size" : 0
   },
   {
      "insid" : "SPD SM607&SM701",
      "size" : 0
   },
   {
      "insid" : "SPD SM607&SM702",
      "size" : 0
   },
   {
      "insid" : "SPD SM607&SM703",
      "size" : 0
   },
   {
      "insid" : "SPD SM608&SM609",
      "size" : 0
   },
   {
      "insid" : "SPD SM608&SM610",
      "size" : 0
   },
   {
      "insid" : "SPD SM608&SM611",
      "size" : 0
   },
   {
      "insid" : "SPD SM608&SM612",
      "size" : 0
   },
   {
      "insid" : "SPD SM608&SM701",
      "size" : 0
   },
   {
      "insid" : "SPD SM608&SM702",
      "size" : 0
   },
   {
      "insid" : "SPD SM608&SM703",
      "size" : 0
   },
   {
      "insid" : "SPD SM609&SM610",
      "size" : 0
   },
   {
      "insid" : "SPD SM609&SM611",
      "size" : 0
   },
   {
      "insid" : "SPD SM609&SM612",
      "size" : 0
   },
   {
      "insid" : "SPD SM609&SM701",
      "size" : 0
   },
   {
      "insid" : "SPD SM609&SM702",
      "size" : 0
   },
   {
      "insid" : "SPD SM609&SM703",
      "size" : 0
   },
   {
      "insid" : "SPD SM610&SM611",
      "size" : 0
   },
   {
      "insid" : "SPD SM610&SM612",
      "size" : 0
   },
   {
      "insid" : "SPD SM610&SM701",
      "size" : 0
   },
   {
      "insid" : "SPD SM610&SM702",
      "size" : 0
   },
   {
      "insid" : "SPD SM610&SM703",
      "size" : 0
   },
   {
      "insid" : "SPD SM611&SM612",
      "size" : 0
   },
   {
      "insid" : "SPD SM611&SM701",
      "size" : 0
   },
   {
      "insid" : "SPD SM611&SM702",
      "size" : 0
   },
   {
      "insid" : "SPD SM611&SM703",
      "size" : 0
   },
   {
      "insid" : "SPD SM612&SM701",
      "size" : 0
   },
   {
      "insid" : "SPD SM612&SM702",
      "size" : 0
   },
   {
      "insid" : "SPD SM612&SM703",
      "size" : 0
   },
   {
      "insid" : "SPD SM701&SM702",
      "size" : 0
   },
   {
      "insid" : "SPD SM701&SM703",
      "size" : 0
   },
   {
      "insid" : "SPD SM702&SM703",
      "size" : 0
   },
   {
      "insid" : "SPD SR607&SR609",
      "size" : 0
   },
   {
      "insid" : "SPD SR607&SR611",
      "size" : 0
   },
   {
      "insid" : "SPD SR607&SR701",
      "size" : 0
   },
   {
      "insid" : "SPD SR607&SR703",
      "size" : 0
   },
   {
      "insid" : "SPD SR607&SR705",
      "size" : 0
   },
   {
      "insid" : "SPD SR607&SR707",
      "size" : 0
   },
   {
      "insid" : "SPD SR607&SR709",
      "size" : 0
   },
   {
      "insid" : "SPD SR609&SR611",
      "size" : 0
   },
   {
      "insid" : "SPD SR609&SR701",
      "size" : 564
   },
   {
      "insid" : "SPD SR609&SR703",
      "size" : 1
   },
   {
      "insid" : "SPD SR609&SR705",
      "size" : 11
   },
   {
      "insid" : "SPD SR609&SR707",
      "size" : 1
   },
   {
      "insid" : "SPD SR609&SR709",
      "size" : 0
   },
   {
      "insid" : "SPD SR611&SR701",
      "size" : 0
   },
   {
      "insid" : "SPD SR611&SR703",
      "size" : 0
   },
   {
      "insid" : "SPD SR611&SR705",
      "size" : 0
   },
   {
      "insid" : "SPD SR611&SR707",
      "size" : 0
   },
   {
      "insid" : "SPD SR611&SR709",
      "size" : 0
   },
   {
      "insid" : "SPD SR701&SR703",
      "size" : 0
   },
   {
      "insid" : "SPD SR701&SR705",
      "size" : 115
   },
   {
      "insid" : "SPD SR701&SR707",
      "size" : 0
   },
   {
      "insid" : "SPD SR701&SR709",
      "size" : 13
   },
   {
      "insid" : "SPD SR703&SR705",
      "size" : 0
   },
   {
      "insid" : "SPD SR703&SR707",
      "size" : 0
   },
   {
      "insid" : "SPD SR703&SR709",
      "size" : 0
   },
   {
      "insid" : "SPD SR705&SR707",
      "size" : 0
   },
   {
      "insid" : "SPD SR705&SR709",
      "size" : 1
   },
   {
      "insid" : "SPD SR707&SR709",
      "size" : 0
   },
   {
      "insid" : "SPD TA606&TA607",
      "size" : 0
   },
   {
      "insid" : "SPD TA606&TA608",
      "size" : 0
   },
   {
      "insid" : "SPD TA606&TA609",
      "size" : 0
   },
   {
      "insid" : "SPD TA606&TA610",
      "size" : 0
   },
   {
      "insid" : "SPD TA606&TA611",
      "size" : 0
   },
   {
      "insid" : "SPD TA606&TA612",
      "size" : 0
   },
   {
      "insid" : "SPD TA606&TA701",
      "size" : 0
   },
   {
      "insid" : "SPD TA606&TA702",
      "size" : 0
   },
   {
      "insid" : "SPD TA606&TA703",
      "size" : 0
   },
   {
      "insid" : "SPD TA607&TA608",
      "size" : 0
   },
   {
      "insid" : "SPD TA607&TA609",
      "size" : 0
   },
   {
      "insid" : "SPD TA607&TA610",
      "size" : 0
   },
   {
      "insid" : "SPD TA607&TA611",
      "size" : 0
   },
   {
      "insid" : "SPD TA607&TA612",
      "size" : 0
   },
   {
      "insid" : "SPD TA607&TA701",
      "size" : 0
   },
   {
      "insid" : "SPD TA607&TA702",
      "size" : 0
   },
   {
      "insid" : "SPD TA607&TA703",
      "size" : 0
   },
   {
      "insid" : "SPD TA608&TA609",
      "size" : 5
   },
   {
      "insid" : "SPD TA608&TA610",
      "size" : 0
   },
   {
      "insid" : "SPD TA608&TA611",
      "size" : 0
   },
   {
      "insid" : "SPD TA608&TA612",
      "size" : 0
   },
   {
      "insid" : "SPD TA608&TA701",
      "size" : 0
   },
   {
      "insid" : "SPD TA608&TA702",
      "size" : 0
   },
   {
      "insid" : "SPD TA608&TA703",
      "size" : 0
   },
   {
      "insid" : "SPD TA609&TA610",
      "size" : 5
   },
   {
      "insid" : "SPD TA609&TA611",
      "size" : 3
   },
   {
      "insid" : "SPD TA609&TA612",
      "size" : 0
   },
   {
      "insid" : "SPD TA609&TA701",
      "size" : 151
   },
   {
      "insid" : "SPD TA609&TA702",
      "size" : 1
   },
   {
      "insid" : "SPD TA609&TA703",
      "size" : 1
   },
   {
      "insid" : "SPD TA610&TA611",
      "size" : 0
   },
   {
      "insid" : "SPD TA610&TA612",
      "size" : 0
   },
   {
      "insid" : "SPD TA610&TA701",
      "size" : 0
   },
   {
      "insid" : "SPD TA610&TA702",
      "size" : 0
   },
   {
      "insid" : "SPD TA610&TA703",
      "size" : 0
   },
   {
      "insid" : "SPD TA611&TA612",
      "size" : 0
   },
   {
      "insid" : "SPD TA611&TA701",
      "size" : 0
   },
   {
      "insid" : "SPD TA611&TA702",
      "size" : 0
   },
   {
      "insid" : "SPD TA611&TA703",
      "size" : 0
   },
   {
      "insid" : "SPD TA612&TA701",
      "size" : 0
   },
   {
      "insid" : "SPD TA612&TA702",
      "size" : 0
   },
   {
      "insid" : "SPD TA612&TA703",
      "size" : 0
   },
   {
      "insid" : "SPD TA701&TA702",
      "size" : 0
   },
   {
      "insid" : "SPD TA701&TA703",
      "size" : 0
   },
   {
      "insid" : "SPD TA702&TA703",
      "size" : 0
   },
   {
      "insid" : "SPD WH607&WH609",
      "size" : 1
   },
   {
      "insid" : "SPD WH607&WH611",
      "size" : 0
   },
   {
      "insid" : "SPD WH607&WH701",
      "size" : 0
   },
   {
      "insid" : "SPD WH607&WH703",
      "size" : 0
   },
   {
      "insid" : "SPD WH609&WH611",
      "size" : 9
   },
   {
      "insid" : "SPD WH609&WH701",
      "size" : 4
   },
   {
      "insid" : "SPD WH609&WH703",
      "size" : 0
   },
   {
      "insid" : "SPD WH611&WH701",
      "size" : 1
   },
   {
      "insid" : "SPD WH611&WH703",
      "size" : 0
   },
   {
      "insid" : "SPD WH701&WH703",
      "size" : 1
   },
   {
      "insid" : "SPD ZC606&ZC607",
      "size" : 0
   },
   {
      "insid" : "SPD ZC606&ZC608",
      "size" : 0
   },
   {
      "insid" : "SPD ZC606&ZC609",
      "size" : 0
   },
   {
      "insid" : "SPD ZC606&ZC610",
      "size" : 0
   },
   {
      "insid" : "SPD ZC606&ZC611",
      "size" : 0
   },
   {
      "insid" : "SPD ZC606&ZC612",
      "size" : 0
   },
   {
      "insid" : "SPD ZC606&ZC701",
      "size" : 0
   },
   {
      "insid" : "SPD ZC606&ZC702",
      "size" : 0
   },
   {
      "insid" : "SPD ZC606&ZC703",
      "size" : 0
   },
   {
      "insid" : "SPD ZC607&ZC608",
      "size" : 0
   },
   {
      "insid" : "SPD ZC607&ZC609",
      "size" : 2
   },
   {
      "insid" : "SPD ZC607&ZC610",
      "size" : 0
   },
   {
      "insid" : "SPD ZC607&ZC611",
      "size" : 0
   },
   {
      "insid" : "SPD ZC607&ZC612",
      "size" : 0
   },
   {
      "insid" : "SPD ZC607&ZC701",
      "size" : 0
   },
   {
      "insid" : "SPD ZC607&ZC702",
      "size" : 0
   },
   {
      "insid" : "SPD ZC607&ZC703",
      "size" : 0
   },
   {
      "insid" : "SPD ZC608&ZC609",
      "size" : 0
   },
   {
      "insid" : "SPD ZC608&ZC610",
      "size" : 0
   },
   {
      "insid" : "SPD ZC608&ZC611",
      "size" : 0
   },
   {
      "insid" : "SPD ZC608&ZC612",
      "size" : 0
   },
   {
      "insid" : "SPD ZC608&ZC701",
      "size" : 0
   },
   {
      "insid" : "SPD ZC608&ZC702",
      "size" : 0
   },
   {
      "insid" : "SPD ZC608&ZC703",
      "size" : 0
   },
   {
      "insid" : "SPD ZC609&ZC610",
      "size" : 3
   },
   {
      "insid" : "SPD ZC609&ZC611",
      "size" : 0
   },
   {
      "insid" : "SPD ZC609&ZC612",
      "size" : 0
   },
   {
      "insid" : "SPD ZC609&ZC701",
      "size" : 501
   },
   {
      "insid" : "SPD ZC609&ZC702",
      "size" : 1
   },
   {
      "insid" : "SPD ZC609&ZC703",
      "size" : 1
   },
   {
      "insid" : "SPD ZC610&ZC611",
      "size" : 0
   },
   {
      "insid" : "SPD ZC610&ZC612",
      "size" : 0
   },
   {
      "insid" : "SPD ZC610&ZC701",
      "size" : 0
   },
   {
      "insid" : "SPD ZC610&ZC702",
      "size" : 0
   },
   {
      "insid" : "SPD ZC610&ZC703",
      "size" : 0
   },
   {
      "insid" : "SPD ZC611&ZC612",
      "size" : 0
   },
   {
      "insid" : "SPD ZC611&ZC701",
      "size" : 0
   },
   {
      "insid" : "SPD ZC611&ZC702",
      "size" : 0
   },
   {
      "insid" : "SPD ZC611&ZC703",
      "size" : 0
   },
   {
      "insid" : "SPD ZC612&ZC701",
      "size" : 0
   },
   {
      "insid" : "SPD ZC612&ZC702",
      "size" : 0
   },
   {
      "insid" : "SPD ZC612&ZC703",
      "size" : 0
   },
   {
      "insid" : "SPD ZC701&ZC702",
      "size" : 21
   },
   {
      "insid" : "SPD ZC701&ZC703",
      "size" : 0
   },
   {
      "insid" : "SPD ZC702&ZC703",
      "size" : 0
   },
   {
      "insid" : "SR607",
      "size" : 342
   },
   {
      "insid" : "SR609",
      "size" : 3020
   },
   {
      "insid" : "SR611",
      "size" : 157
   },
   {
      "insid" : "SR701",
      "size" : 1108
   },
   {
      "insid" : "SR703",
      "size" : 121
   },
   {
      "insid" : "SR705",
      "size" : 367
   },
   {
      "insid" : "SR707",
      "size" : 20
   },
   {
      "insid" : "SR709",
      "size" : 217
   },
   {
      "insid" : "T1606",
      "size" : 434
   },
   {
      "insid" : "T1609",
      "size" : 2056
   },
   {
      "insid" : "T1612",
      "size" : 1179
   },
   {
      "insid" : "TA606",
      "size" : 75
   },
   {
      "insid" : "TA607",
      "size" : 137
   },
   {
      "insid" : "TA608",
      "size" : 168
   },
   {
      "insid" : "TA609",
      "size" : 3134
   },
   {
      "insid" : "TA610",
      "size" : 86
   },
   {
      "insid" : "TA611",
      "size" : 135
   },
   {
      "insid" : "TA612",
      "size" : 187
   },
   {
      "insid" : "TA701",
      "size" : 791
   },
   {
      "insid" : "TA702",
      "size" : 166
   },
   {
      "insid" : "TA703",
      "size" : 126
   },
   {
      "insid" : "TF1606",
      "size" : 226
   },
   {
      "insid" : "TF1609",
      "size" : 1289
   },
   {
      "insid" : "TF1612",
      "size" : 1549
   },
   {
      "insid" : "WH607",
      "size" : 46
   },
   {
      "insid" : "WH609",
      "size" : 78
   },
   {
      "insid" : "WH611",
      "size" : 45
   },
   {
      "insid" : "WH701",
      "size" : 64
   },
   {
      "insid" : "WH703",
      "size" : 32
   },
   {
      "insid" : "ZC606",
      "size" : 4
   },
   {
      "insid" : "ZC607",
      "size" : 96
   },
   {
      "insid" : "ZC608",
      "size" : 192
   },
   {
      "insid" : "ZC609",
      "size" : 2842
   },
   {
      "insid" : "ZC610",
      "size" : 288
   },
   {
      "insid" : "ZC611",
      "size" : 366
   },
   {
      "insid" : "ZC612",
      "size" : 348
   },
   {
      "insid" : "ZC701",
      "size" : 728
   },
   {
      "insid" : "ZC702",
      "size" : 163
   },
   {
      "insid" : "ZC703",
      "size" : 288
   },
   {
      "insid" : "a1607",
      "size" : 70
   },
   {
      "insid" : "a1609",
      "size" : 2517
   },
   {
      "insid" : "a1611",
      "size" : 53
   },
   {
      "insid" : "a1701",
      "size" : 1508
   },
   {
      "insid" : "a1703",
      "size" : 99
   },
   {
      "insid" : "a1705",
      "size" : 666
   },
   {
      "insid" : "a1707",
      "size" : 63
   },
   {
      "insid" : "a1709",
      "size" : 311
   },
   {
      "insid" : "ag1606",
      "size" : 1361
   },
   {
      "insid" : "ag1607",
      "size" : 346
   },
   {
      "insid" : "ag1608",
      "size" : 460
   },
   {
      "insid" : "ag1609",
      "size" : 336
   },
   {
      "insid" : "ag1610",
      "size" : 409
   },
   {
      "insid" : "ag1611",
      "size" : 307
   },
   {
      "insid" : "ag1612",
      "size" : 3394
   },
   {
      "insid" : "ag1701",
      "size" : 268
   },
   {
      "insid" : "ag1702",
      "size" : 562
   },
   {
      "insid" : "ag1703",
      "size" : 391
   },
   {
      "insid" : "agefp",
      "size" : 0
   },
   {
      "insid" : "al1606",
      "size" : 1052
   },
   {
      "insid" : "al1607",
      "size" : 3501
   },
   {
      "insid" : "al1608",
      "size" : 2255
   },
   {
      "insid" : "al1609",
      "size" : 1350
   },
   {
      "insid" : "al1610",
      "size" : 1119
   },
   {
      "insid" : "al1611",
      "size" : 510
   },
   {
      "insid" : "al1612",
      "size" : 572
   },
   {
      "insid" : "al1701",
      "size" : 349
   },
   {
      "insid" : "al1702",
      "size" : 382
   },
   {
      "insid" : "al1703",
      "size" : 166
   },
   {
      "insid" : "alefp",
      "size" : 0
   },
   {
      "insid" : "au1606",
      "size" : 709
   },
   {
      "insid" : "au1608",
      "size" : 330
   },
   {
      "insid" : "au1610",
      "size" : 292
   },
   {
      "insid" : "au1612",
      "size" : 2977
   },
   {
      "insid" : "au1702",
      "size" : 207
   },
   {
      "insid" : "au1704",
      "size" : 129
   },
   {
      "insid" : "auefp",
      "size" : 0
   },
   {
      "insid" : "b1607",
      "size" : 41
   },
   {
      "insid" : "b1609",
      "size" : 18
   },
   {
      "insid" : "b1611",
      "size" : 0
   },
   {
      "insid" : "b1701",
      "size" : 49
   },
   {
      "insid" : "b1703",
      "size" : 0
   },
   {
      "insid" : "bb1606",
      "size" : 0
   },
   {
      "insid" : "bb1607",
      "size" : 0
   },
   {
      "insid" : "bb1608",
      "size" : 0
   },
   {
      "insid" : "bb1609",
      "size" : 1
   },
   {
      "insid" : "bb1610",
      "size" : 0
   },
   {
      "insid" : "bb1611",
      "size" : 0
   },
   {
      "insid" : "bb1612",
      "size" : 0
   },
   {
      "insid" : "bb1701",
      "size" : 0
   },
   {
      "insid" : "bb1702",
      "size" : 0
   },
   {
      "insid" : "bb1703",
      "size" : 0
   },
   {
      "insid" : "bu1606",
      "size" : 388
   },
   {
      "insid" : "bu1607",
      "size" : 36
   },
   {
      "insid" : "bu1608",
      "size" : 80
   },
   {
      "insid" : "bu1609",
      "size" : 4385
   },
   {
      "insid" : "bu1612",
      "size" : 835
   },
   {
      "insid" : "bu1703",
      "size" : 51
   },
   {
      "insid" : "bu1706",
      "size" : 197
   },
   {
      "insid" : "bu1709",
      "size" : 132
   },
   {
      "insid" : "bu1712",
      "size" : 182
   },
   {
      "insid" : "bu1803",
      "size" : 135
   },
   {
      "insid" : "buefp",
      "size" : 0
   },
   {
      "insid" : "c1607",
      "size" : 78
   },
   {
      "insid" : "c1609",
      "size" : 923
   },
   {
      "insid" : "c1611",
      "size" : 72
   },
   {
      "insid" : "c1701",
      "size" : 2405
   },
   {
      "insid" : "c1703",
      "size" : 14
   },
   {
      "insid" : "cs1607",
      "size" : 24
   },
   {
      "insid" : "cs1609",
      "size" : 2190
   },
   {
      "insid" : "cs1611",
      "size" : 203
   },
   {
      "insid" : "cs1701",
      "size" : 1084
   },
   {
      "insid" : "cs1703",
      "size" : 32
   },
   {
      "insid" : "cu1606",
      "size" : 1021
   },
   {
      "insid" : "cu1607",
      "size" : 3070
   },
   {
      "insid" : "cu1608",
      "size" : 2237
   },
   {
      "insid" : "cu1609",
      "size" : 1293
   },
   {
      "insid" : "cu1610",
      "size" : 899
   },
   {
      "insid" : "cu1611",
      "size" : 542
   },
   {
      "insid" : "cu1612",
      "size" : 659
   },
   {
      "insid" : "cu1701",
      "size" : 479
   },
   {
      "insid" : "cu1702",
      "size" : 435
   },
   {
      "insid" : "cu1703",
      "size" : 243
   },
   {
      "insid" : "cuefp",
      "size" : 0
   },
   {
      "insid" : "fb1606",
      "size" : 0
   },
   {
      "insid" : "fb1607",
      "size" : 0
   },
   {
      "insid" : "fb1608",
      "size" : 0
   },
   {
      "insid" : "fb1609",
      "size" : 0
   },
   {
      "insid" : "fb1610",
      "size" : 0
   },
   {
      "insid" : "fb1611",
      "size" : 0
   },
   {
      "insid" : "fb1612",
      "size" : 0
   },
   {
      "insid" : "fb1701",
      "size" : 0
   },
   {
      "insid" : "fb1702",
      "size" : 0
   },
   {
      "insid" : "fb1703",
      "size" : 0
   },
   {
      "insid" : "fu1606",
      "size" : 0
   },
   {
      "insid" : "fu1607",
      "size" : 5
   },
   {
      "insid" : "fu1608",
      "size" : 12
   },
   {
      "insid" : "fu1609",
      "size" : 69
   },
   {
      "insid" : "fu1610",
      "size" : 5
   },
   {
      "insid" : "fu1611",
      "size" : 4
   },
   {
      "insid" : "fu1612",
      "size" : 20
   },
   {
      "insid" : "fu1702",
      "size" : 13
   },
   {
      "insid" : "fu1703",
      "size" : 14
   },
   {
      "insid" : "fu1704",
      "size" : 20
   },
   {
      "insid" : "fuefp",
      "size" : 0
   },
   {
      "insid" : "hc1606",
      "size" : 9
   },
   {
      "insid" : "hc1607",
      "size" : 27
   },
   {
      "insid" : "hc1608",
      "size" : 4
   },
   {
      "insid" : "hc1609",
      "size" : 348
   },
   {
      "insid" : "hc1610",
      "size" : 3380
   },
   {
      "insid" : "hc1611",
      "size" : 14
   },
   {
      "insid" : "hc1612",
      "size" : 22
   },
   {
      "insid" : "hc1701",
      "size" : 1543
   },
   {
      "insid" : "hc1702",
      "size" : 16
   },
   {
      "insid" : "hc1703",
      "size" : 5
   },
   {
      "insid" : "hcefp",
      "size" : 0
   },
   {
      "insid" : "i1606",
      "size" : 108
   },
   {
      "insid" : "i1607",
      "size" : 64
   },
   {
      "insid" : "i1608",
      "size" : 195
   },
   {
      "insid" : "i1609",
      "size" : 3926
   },
   {
      "insid" : "i1610",
      "size" : 198
   },
   {
      "insid" : "i1611",
      "size" : 91
   },
   {
      "insid" : "i1612",
      "size" : 197
   },
   {
      "insid" : "i1701",
      "size" : 1891
   },
   {
      "insid" : "i1702",
      "size" : 104
   },
   {
      "insid" : "i1703",
      "size" : 109
   },
   {
      "insid" : "j1606",
      "size" : 17
   },
   {
      "insid" : "j1607",
      "size" : 92
   },
   {
      "insid" : "j1608",
      "size" : 90
   },
   {
      "insid" : "j1609",
      "size" : 1841
   },
   {
      "insid" : "j1610",
      "size" : 366
   },
   {
      "insid" : "j1611",
      "size" : 215
   },
   {
      "insid" : "j1612",
      "size" : 212
   },
   {
      "insid" : "j1701",
      "size" : 514
   },
   {
      "insid" : "j1702",
      "size" : 212
   },
   {
      "insid" : "j1703",
      "size" : 129
   },
   {
      "insid" : "jd1606",
      "size" : 29
   },
   {
      "insid" : "jd1609",
      "size" : 1818
   },
   {
      "insid" : "jd1610",
      "size" : 20
   },
   {
      "insid" : "jd1611",
      "size" : 3
   },
   {
      "insid" : "jd1612",
      "size" : 22
   },
   {
      "insid" : "jd1701",
      "size" : 521
   },
   {
      "insid" : "jd1702",
      "size" : 59
   },
   {
      "insid" : "jd1703",
      "size" : 123
   },
   {
      "insid" : "jm1606",
      "size" : 1
   },
   {
      "insid" : "jm1607",
      "size" : 2
   },
   {
      "insid" : "jm1608",
      "size" : 27
   },
   {
      "insid" : "jm1609",
      "size" : 1777
   },
   {
      "insid" : "jm1610",
      "size" : 38
   },
   {
      "insid" : "jm1611",
      "size" : 16
   },
   {
      "insid" : "jm1612",
      "size" : 132
   },
   {
      "insid" : "jm1701",
      "size" : 324
   },
   {
      "insid" : "jm1702",
      "size" : 69
   },
   {
      "insid" : "jm1703",
      "size" : 51
   },
   {
      "insid" : "l1606",
      "size" : 55
   },
   {
      "insid" : "l1607",
      "size" : 2
   },
   {
      "insid" : "l1608",
      "size" : 188
   },
   {
      "insid" : "l1609",
      "size" : 3727
   },
   {
      "insid" : "l1610",
      "size" : 129
   },
   {
      "insid" : "l1611",
      "size" : 218
   },
   {
      "insid" : "l1612",
      "size" : 50
   },
   {
      "insid" : "l1701",
      "size" : 2146
   },
   {
      "insid" : "l1702",
      "size" : 200
   },
   {
      "insid" : "l1703",
      "size" : 147
   },
   {
      "insid" : "m1607",
      "size" : 123
   },
   {
      "insid" : "m1608",
      "size" : 269
   },
   {
      "insid" : "m1609",
      "size" : 4591
   },
   {
      "insid" : "m1611",
      "size" : 339
   },
   {
      "insid" : "m1612",
      "size" : 179
   },
   {
      "insid" : "m1701",
      "size" : 2634
   },
   {
      "insid" : "m1703",
      "size" : 247
   },
   {
      "insid" : "ni1606",
      "size" : 562
   },
   {
      "insid" : "ni1607",
      "size" : 632
   },
   {
      "insid" : "ni1608",
      "size" : 384
   },
   {
      "insid" : "ni1609",
      "size" : 3974
   },
   {
      "insid" : "ni1610",
      "size" : 442
   },
   {
      "insid" : "ni1611",
      "size" : 296
   },
   {
      "insid" : "ni1612",
      "size" : 522
   },
   {
      "insid" : "ni1701",
      "size" : 1665
   },
   {
      "insid" : "ni1702",
      "size" : 197
   },
   {
      "insid" : "ni1703",
      "size" : 587
   },
   {
      "insid" : "niefp",
      "size" : 0
   },
   {
      "insid" : "p1606",
      "size" : 1
   },
   {
      "insid" : "p1607",
      "size" : 13
   },
   {
      "insid" : "p1608",
      "size" : 16
   },
   {
      "insid" : "p1609",
      "size" : 3544
   },
   {
      "insid" : "p1610",
      "size" : 15
   },
   {
      "insid" : "p1611",
      "size" : 49
   },
   {
      "insid" : "p1612",
      "size" : 100
   },
   {
      "insid" : "p1701",
      "size" : 2058
   },
   {
      "insid" : "p1702",
      "size" : 129
   },
   {
      "insid" : "p1703",
      "size" : 40
   },
   {
      "insid" : "pb1606",
      "size" : 159
   },
   {
      "insid" : "pb1607",
      "size" : 533
   },
   {
      "insid" : "pb1608",
      "size" : 303
   },
   {
      "insid" : "pb1609",
      "size" : 72
   },
   {
      "insid" : "pb1610",
      "size" : 133
   },
   {
      "insid" : "pb1611",
      "size" : 191
   },
   {
      "insid" : "pb1612",
      "size" : 290
   },
   {
      "insid" : "pb1701",
      "size" : 39
   },
   {
      "insid" : "pb1702",
      "size" : 50
   },
   {
      "insid" : "pb1703",
      "size" : 91
   },
   {
      "insid" : "pbefp",
      "size" : 0
   },
   {
      "insid" : "pp1606",
      "size" : 246
   },
   {
      "insid" : "pp1607",
      "size" : 94
   },
   {
      "insid" : "pp1608",
      "size" : 344
   },
   {
      "insid" : "pp1609",
      "size" : 3701
   },
   {
      "insid" : "pp1610",
      "size" : 329
   },
   {
      "insid" : "pp1611",
      "size" : 718
   },
   {
      "insid" : "pp1612",
      "size" : 337
   },
   {
      "insid" : "pp1701",
      "size" : 1887
   },
   {
      "insid" : "pp1702",
      "size" : 507
   },
   {
      "insid" : "pp1703",
      "size" : 833
   },
   {
      "insid" : "rb1606",
      "size" : 291
   },
   {
      "insid" : "rb1607",
      "size" : 423
   },
   {
      "insid" : "rb1608",
      "size" : 502
   },
   {
      "insid" : "rb1609",
      "size" : 1362
   },
   {
      "insid" : "rb1610",
      "size" : 4732
   },
   {
      "insid" : "rb1611",
      "size" : 481
   },
   {
      "insid" : "rb1612",
      "size" : 496
   },
   {
      "insid" : "rb1701",
      "size" : 3262
   },
   {
      "insid" : "rb1702",
      "size" : 961
   },
   {
      "insid" : "rb1703",
      "size" : 615
   },
   {
      "insid" : "rbefp",
      "size" : 0
   },
   {
      "insid" : "ru1606",
      "size" : 304
   },
   {
      "insid" : "ru1607",
      "size" : 389
   },
   {
      "insid" : "ru1608",
      "size" : 1206
   },
   {
      "insid" : "ru1609",
      "size" : 4550
   },
   {
      "insid" : "ru1610",
      "size" : 704
   },
   {
      "insid" : "ru1611",
      "size" : 518
   },
   {
      "insid" : "ru1701",
      "size" : 2030
   },
   {
      "insid" : "ru1703",
      "size" : 381
   },
   {
      "insid" : "ruefp",
      "size" : 0
   },
   {
      "insid" : "sn1606",
      "size" : 1
   },
   {
      "insid" : "sn1607",
      "size" : 27
   },
   {
      "insid" : "sn1608",
      "size" : 10
   },
   {
      "insid" : "sn1609",
      "size" : 1442
   },
   {
      "insid" : "sn1610",
      "size" : 288
   },
   {
      "insid" : "sn1611",
      "size" : 34
   },
   {
      "insid" : "sn1612",
      "size" : 35
   },
   {
      "insid" : "sn1701",
      "size" : 349
   },
   {
      "insid" : "sn1702",
      "size" : 1
   },
   {
      "insid" : "sn1703",
      "size" : 51
   },
   {
      "insid" : "snefp",
      "size" : 0
   },
   {
      "insid" : "v1606",
      "size" : 2
   },
   {
      "insid" : "v1607",
      "size" : 1
   },
   {
      "insid" : "v1608",
      "size" : 13
   },
   {
      "insid" : "v1609",
      "size" : 509
   },
   {
      "insid" : "v1610",
      "size" : 3
   },
   {
      "insid" : "v1611",
      "size" : 16
   },
   {
      "insid" : "v1612",
      "size" : 19
   },
   {
      "insid" : "v1701",
      "size" : 267
   },
   {
      "insid" : "v1702",
      "size" : 2
   },
   {
      "insid" : "v1703",
      "size" : 13
   },
   {
      "insid" : "wr1606",
      "size" : 0
   },
   {
      "insid" : "wr1607",
      "size" : 0
   },
   {
      "insid" : "wr1608",
      "size" : 0
   },
   {
      "insid" : "wr1609",
      "size" : 0
   },
   {
      "insid" : "wr1610",
      "size" : 0
   },
   {
      "insid" : "wr1611",
      "size" : 2
   },
   {
      "insid" : "wr1612",
      "size" : 0
   },
   {
      "insid" : "wr1701",
      "size" : 0
   },
   {
      "insid" : "wr1702",
      "size" : 0
   },
   {
      "insid" : "wr1703",
      "size" : 0
   },
   {
      "insid" : "wrefp",
      "size" : 0
   },
   {
      "insid" : "y1607",
      "size" : 3
   },
   {
      "insid" : "y1608",
      "size" : 59
   },
   {
      "insid" : "y1609",
      "size" : 2956
   },
   {
      "insid" : "y1611",
      "size" : 110
   },
   {
      "insid" : "y1612",
      "size" : 74
   },
   {
      "insid" : "y1701",
      "size" : 2246
   },
   {
      "insid" : "y1703",
      "size" : 126
   },
   {
      "insid" : "zn1606",
      "size" : 1171
   },
   {
      "insid" : "zn1607",
      "size" : 4212
   },
   {
      "insid" : "zn1608",
      "size" : 2913
   },
   {
      "insid" : "zn1609",
      "size" : 1814
   },
   {
      "insid" : "zn1610",
      "size" : 997
   },
   {
      "insid" : "zn1611",
      "size" : 929
   },
   {
      "insid" : "zn1612",
      "size" : 687
   },
   {
      "insid" : "zn1701",
      "size" : 1112
   },
   {
      "insid" : "zn1702",
      "size" : 920
   },
   {
      "insid" : "zn1703",
      "size" : 608
   },
   {
      "insid" : "znefp",
      "size" : 0
   }
]
{[{
   "_callback" : ")\\'4W8~EAN\\\\sv0_nj`i6l/callbackReceiver -t -e 1.1:tcp -h 127.0.0.1 -p 55086 -t 60000",
   "_conn_id" : "",
   "_id" : "CCE615B7-6ACB-4E56-8FAB-20F4CAA1FBBC",
   "_moduleId" : "",
   "_name" : "",
   "_remoteAddress" : "127.0.0.1",
   "_remotePort" : 44017,
   "_session" : "CCE615B7-6ACB-4E56-8FAB-20F4CAA1FBBC -t -e 1.1:tcp -h 127.0.0.1 -p 10001 -t 60000",
   "_timestamp" : "170489",
   "sub_bit" : [
      [
         {
            "ins" : "IC1605",
            "num" : 1,
            "type" : "A"
         }
      ],
      [
         {
            "ins" : "IC1606",
            "num" : 1,
            "type" : "A"
         }
      ],
      [
         {
            "ins" : "IC1609",
            "num" : 1,
            "type" : "A"
         }
      ],
      [
         {
            "ins" : "IF1605",
            "num" : 1,
            "type" : "A"
         }
      ],
      [
         {
            "ins" : "IF1606",
            "num" : 1,
            "type" : "K"
         }
      ],
      [
         {
            "ins" : "IH1605",
            "num" : 1,
            "type" : "A"
         },
         {
            "ins" : "IH1605",
            "num" : 1,
            "type" : "A"
         },
         {
            "ins" : "IH1605",
            "num" : 1,
            "type" : "A"
         },
         {
            "ins" : "IH1605",
            "num" : 1,
            "type" : "A"
         }
      ],
      [
         {
            "ins" : "IH1606",
            "num" : 1,
            "type" : "A"
         },
         {
            "ins" : "IH1606",
            "num" : 1,
            "type" : "A"
         },
         {
            "ins" : "IH1606",
            "num" : 1,
            "type" : "A"
         },
         {
            "ins" : "IH1606",
            "num" : 1,
            "type" : "A"
         },
         {
            "ins" : "IH1606",
            "num" : 1,
            "type" : "A"
         }
      ],
      [
         {
            "ins" : "IH1609",
            "num" : 1,
            "type" : "A"
         },
         {
            "ins" : "IH1609",
            "num" : 1,
            "type" : "A"
         },
         {
            "ins" : "IH1609",
            "num" : 1,
            "type" : "A"
         },
         {
            "ins" : "IH1609",
            "num" : 1,
            "type" : "A"
         },
         {
            "ins" : "IH1609",
            "num" : 1,
            "type" : "A"
         }
      ],
      [
         {
            "ins" : "TF1609",
            "num" : 1,
            "type" : "A"
         }
      ],
      [
         {
            "ins" : "bu1605",
            "num" : 1,
            "type" : "A"
         }
      ],
      [
         {
            "ins" : "pb1606",
            "num" : 1,
            "type" : "A"
         }
      ]
   ]
}
]}
_callback
_callback
req refresh
{[{
   "_callback" : ")\\'4W8~EAN\\\\sv0_nj`i6l/callbackReceiver -t -e 1.1:tcp -h 127.0.0.1 -p 55086 -t 60000",
   "_conn_id" : "",
   "_id" : "CCE615B7-6ACB-4E56-8FAB-20F4CAA1FBBC",
   "_moduleId" : "",
   "_name" : "",
   "_remoteAddress" : "127.0.0.1",
   "_remotePort" : 44017,
   "_session" : "CCE615B7-6ACB-4E56-8FAB-20F4CAA1FBBC -t -e 1.1:tcp -h 127.0.0.1 -p 10001 -t 60000",
   "_timestamp" : "170489",
   "sub_bit" : [
      [
         {
            "ins" : "IC1605",
            "num" : 1,
            "type" : "A"
         }
      ],
      [
         {
            "ins" : "IC1606",
            "num" : 1,
            "type" : "A"
         }
      ],
      [
         {
            "ins" : "IC1609",
            "num" : 1,
            "type" : "A"
         }
      ],
      [
         {
            "ins" : "IF1605",
            "num" : 1,
            "type" : "A"
         }
      ],
      [
         {
            "ins" : "IF1606",
            "num" : 1,
            "type" : "K"
         }
      ],
      [
         {
            "ins" : "IH1605",
            "num" : 1,
            "type" : "A"
         },
         {
            "ins" : "IH1605",
            "num" : 1,
            "type" : "A"
         },
         {
            "ins" : "IH1605",
            "num" : 1,
            "type" : "A"
         },
         {
            "ins" : "IH1605",
            "num" : 1,
            "type" : "A"
         }
      ],
      [
         {
            "ins" : "IH1606",
            "num" : 1,
            "type" : "A"
         },
         {
            "ins" : "IH1606",
            "num" : 1,
            "type" : "A"
         },
         {
            "ins" : "IH1606",
            "num" : 1,
            "type" : "A"
         },
         {
            "ins" : "IH1606",
            "num" : 1,
            "type" : "A"
         },
         {
            "ins" : "IH1606",
            "num" : 1,
            "type" : "A"
         }
      ],
      [
         {
            "ins" : "IH1609",
            "num" : 1,
            "type" : "A"
         },
         {
            "ins" : "IH1609",
            "num" : 1,
            "type" : "A"
         },
         {
            "ins" : "IH1609",
            "num" : 1,
            "type" : "A"
         },
         {
            "ins" : "IH1609",
            "num" : 1,
            "type" : "A"
         },
         {
            "ins" : "IH1609",
            "num" : 1,
            "type" : "A"
         }
      ],
      [
         {
            "ins" : "TF1609",
            "num" : 1,
            "type" : "A"
         }
      ],
      [
         {
            "ins" : "bu1605",
            "num" : 1,
            "type" : "A"
         }
      ],
      [
         {
            "ins" : "pb1606",
            "num" : 1,
            "type" : "A"
         }
      ]
   ]
}
]}
_callback
_callback
req refresh
{[{
   "_callback" : ")\\'4W8~EAN\\\\sv0_nj`i6l/callbackReceiver -t -e 1.1:tcp -h 127.0.0.1 -p 55086 -t 60000",
   "_conn_id" : "",
   "_id" : "CCE615B7-6ACB-4E56-8FAB-20F4CAA1FBBC",
   "_moduleId" : "",
   "_name" : "",
   "_remoteAddress" : "127.0.0.1",
   "_remotePort" : 44017,
   "_session" : "CCE615B7-6ACB-4E56-8FAB-20F4CAA1FBBC -t -e 1.1:tcp -h 127.0.0.1 -p 10001 -t 60000",
   "_timestamp" : "170491",
   "sub_bit" : [
      [
         {
            "ins" : "IC1605",
            "num" : 1,
            "type" : "A"
         }
      ],
      [
         {
            "ins" : "IC1606",
            "num" : 1,
            "type" : "A"
         }
      ],
      [
         {
            "ins" : "IC1609",
            "num" : 1,
            "type" : "A"
         }
      ],
      [
         {
            "ins" : "IF1605",
            "num" : 1,
            "type" : "A"
         }
      ],
      [
         {
            "ins" : "IF1606",
            "num" : 1,
            "type" : "K"
         }
      ],
      [
         {
            "ins" : "IH1605",
            "num" : 1,
            "type" : "A"
         },
         {
            "ins" : "IH1605",
            "num" : 1,
            "type" : "A"
         },
         {
            "ins" : "IH1605",
            "num" : 1,
            "type" : "A"
         },
         {
            "ins" : "IH1605",
            "num" : 1,
            "type" : "A"
         }
      ],
      [
         {
            "ins" : "IH1606",
            "num" : 1,
            "type" : "A"
         },
         {
            "ins" : "IH1606",
            "num" : 1,
            "type" : "A"
         },
         {
            "ins" : "IH1606",
            "num" : 1,
            "type" : "A"
         },
         {
            "ins" : "IH1606",
            "num" : 1,
            "type" : "A"
         },
         {
            "ins" : "IH1606",
            "num" : 1,
            "type" : "A"
         }
      ],
      [
         {
            "ins" : "IH1609",
            "num" : 1,
            "type" : "A"
         },
         {
            "ins" : "IH1609",
            "num" : 1,
            "type" : "A"
         },
         {
            "ins" : "IH1609",
            "num" : 1,
            "type" : "A"
         },
         {
            "ins" : "IH1609",
            "num" : 1,
            "type" : "A"
         },
         {
            "ins" : "IH1609",
            "num" : 1,
            "type" : "A"
         }
      ],
      [
         {
            "ins" : "TF1609",
            "num" : 1,
            "type" : "A"
         }
      ],
      [
         {
            "ins" : "bu1605",
            "num" : 1,
            "type" : "A"
         }
      ],
      [
         {
            "ins" : "pb1606",
            "num" : 1,
            "type" : "A"
         }
      ]
   ]
}
]}
_callback
_callback
req refresh
{[{
   "_callback" : ")\\'4W8~EAN\\\\sv0_nj`i6l/callbackReceiver -t -e 1.1:tcp -h 127.0.0.1 -p 55086 -t 60000",
   "_conn_id" : "",
   "_id" : "CCE615B7-6ACB-4E56-8FAB-20F4CAA1FBBC",
   "_moduleId" : "",
   "_name" : "",
   "_remoteAddress" : "127.0.0.1",
   "_remotePort" : 44017,
   "_session" : "CCE615B7-6ACB-4E56-8FAB-20F4CAA1FBBC -t -e 1.1:tcp -h 127.0.0.1 -p 10001 -t 60000",
   "_timestamp" : "170493",
   "sub_bit" : [
      [
         {
            "ins" : "IC1605",
            "num" : 1,
            "type" : "A"
         }
      ],
      [
         {
            "ins" : "IC1606",
            "num" : 1,
            "type" : "A"
         }
      ],
      [
         {
            "ins" : "IC1609",
            "num" : 1,
            "type" : "A"
         }
      ],
      [
         {
            "ins" : "IF1605",
            "num" : 1,
            "type" : "A"
         }
      ],
      [
         {
            "ins" : "IF1606",
            "num" : 1,
            "type" : "K"
         }
      ],
      [
         {
            "ins" : "IH1605",
            "num" : 1,
            "type" : "A"
         },
         {
            "ins" : "IH1605",
            "num" : 1,
            "type" : "A"
         },
         {
            "ins" : "IH1605",
            "num" : 1,
            "type" : "A"
         },
         {
            "ins" : "IH1605",
            "num" : 1,
            "type" : "A"
         }
      ],
      [
         {
            "ins" : "IH1606",
            "num" : 1,
            "type" : "A"
         },
         {
            "ins" : "IH1606",
            "num" : 1,
            "type" : "A"
         },
         {
            "ins" : "IH1606",
            "num" : 1,
            "type" : "A"
         },
         {
            "ins" : "IH1606",
            "num" : 1,
            "type" : "A"
         },
         {
            "ins" : "IH1606",
            "num" : 1,
            "type" : "A"
         }
      ],
      [
         {
            "ins" : "IH1609",
            "num" : 1,
            "type" : "A"
         },
         {
            "ins" : "IH1609",
            "num" : 1,
            "type" : "A"
         },
         {
            "ins" : "IH1609",
            "num" : 1,
            "type" : "A"
         },
         {
            "ins" : "IH1609",
            "num" : 1,
            "type" : "A"
         },
         {
            "ins" : "IH1609",
            "num" : 1,
            "type" : "A"
         }
      ],
      [
         {
            "ins" : "TF1609",
            "num" : 1,
            "type" : "A"
         }
      ],
      [
         {
            "ins" : "bu1605",
            "num" : 1,
            "type" : "A"
         }
      ],
      [
         {
            "ins" : "pb1606",
            "num" : 1,
            "type" : "A"
         }
      ]
   ]
}
]}
_callback
_callback
req refresh
{[{
   "_callback" : ")\\'4W8~EAN\\\\sv0_nj`i6l/callbackReceiver -t -e 1.1:tcp -h 127.0.0.1 -p 55086 -t 60000",
   "_conn_id" : "",
   "_id" : "CCE615B7-6ACB-4E56-8FAB-20F4CAA1FBBC",
   "_moduleId" : "",
   "_name" : "",
   "_remoteAddress" : "127.0.0.1",
   "_remotePort" : 44017,
   "_session" : "CCE615B7-6ACB-4E56-8FAB-20F4CAA1FBBC -t -e 1.1:tcp -h 127.0.0.1 -p 10001 -t 60000",
   "_timestamp" : "170495",
   "sub_bit" : [
      [
         {
            "ins" : "IC1605",
            "num" : 1,
            "type" : "A"
         }
      ],
      [
         {
            "ins" : "IC1606",
            "num" : 1,
            "type" : "A"
         }
      ],
      [
         {
            "ins" : "IC1609",
            "num" : 1,
            "type" : "A"
         }
      ],
      [
         {
            "ins" : "IF1605",
            "num" : 1,
            "type" : "A"
         }
      ],
      [
         {
            "ins" : "IF1606",
            "num" : 1,
            "type" : "K"
         }
      ],
      [
         {
            "ins" : "IH1605",
            "num" : 1,
            "type" : "A"
         },
         {
            "ins" : "IH1605",
            "num" : 1,
            "type" : "A"
         },
         {
            "ins" : "IH1605",
            "num" : 1,
            "type" : "A"
         },
         {
            "ins" : "IH1605",
            "num" : 1,
            "type" : "A"
         }
      ],
      [
         {
            "ins" : "IH1606",
            "num" : 1,
            "type" : "A"
         },
         {
            "ins" : "IH1606",
            "num" : 1,
            "type" : "A"
         },
         {
            "ins" : "IH1606",
            "num" : 1,
            "type" : "A"
         },
         {
            "ins" : "IH1606",
            "num" : 1,
            "type" : "A"
         },
         {
            "ins" : "IH1606",
            "num" : 1,
            "type" : "A"
         }
      ],
      [
         {
            "ins" : "IH1609",
            "num" : 1,
            "type" : "A"
         },
         {
            "ins" : "IH1609",
            "num" : 1,
            "type" : "A"
         },
         {
            "ins" : "IH1609",
            "num" : 1,
            "type" : "A"
         },
         {
            "ins" : "IH1609",
            "num" : 1,
            "type" : "A"
         },
         {
            "ins" : "IH1609",
            "num" : 1,
            "type" : "A"
         }
      ],
      [
         {
            "ins" : "TF1609",
            "num" : 1,
            "type" : "A"
         }
      ],
      [
         {
            "ins" : "bu1605",
            "num" : 1,
            "type" : "A"
         }
      ],
      [
         {
            "ins" : "pb1606",
            "num" : 1,
            "type" : "A"
         }
      ]
   ]
}
]}
_callback
_callback
req refresh
{[{
   "_callback" : ")\\'4W8~EAN\\\\sv0_nj`i6l/callbackReceiver -t -e 1.1:tcp -h 127.0.0.1 -p 55086 -t 60000",
   "_conn_id" : "",
   "_id" : "CCE615B7-6ACB-4E56-8FAB-20F4CAA1FBBC",
   "_moduleId" : "",
   "_name" : "",
   "_remoteAddress" : "127.0.0.1",
   "_remotePort" : 44017,
   "_session" : "CCE615B7-6ACB-4E56-8FAB-20F4CAA1FBBC -t -e 1.1:tcp -h 127.0.0.1 -p 10001 -t 60000",
   "_timestamp" : "170497",
   "sub_bit" : [
      [
         {
            "ins" : "IC1605",
            "num" : 1,
            "type" : "A"
         }
      ],
      [
         {
            "ins" : "IC1606",
            "num" : 1,
            "type" : "A"
         }
      ],
      [
         {
            "ins" : "IC1609",
            "num" : 1,
            "type" : "A"
         }
      ],
      [
         {
            "ins" : "IF1605",
            "num" : 1,
            "type" : "A"
         }
      ],
      [
         {
            "ins" : "IF1606",
            "num" : 1,
            "type" : "K"
         }
      ],
      [
         {
            "ins" : "IH1605",
            "num" : 1,
            "type" : "A"
         },
         {
            "ins" : "IH1605",
            "num" : 1,
            "type" : "A"
         },
         {
            "ins" : "IH1605",
            "num" : 1,
            "type" : "A"
         },
         {
            "ins" : "IH1605",
            "num" : 1,
            "type" : "A"
         }
      ],
      [
         {
            "ins" : "IH1606",
            "num" : 1,
            "type" : "A"
         },
         {
            "ins" : "IH1606",
            "num" : 1,
            "type" : "A"
         },
         {
            "ins" : "IH1606",
            "num" : 1,
            "type" : "A"
         },
         {
            "ins" : "IH1606",
            "num" : 1,
            "type" : "A"
         },
         {
            "ins" : "IH1606",
            "num" : 1,
            "type" : "A"
         }
      ],
      [
         {
            "ins" : "IH1609",
            "num" : 1,
            "type" : "A"
         },
         {
            "ins" : "IH1609",
            "num" : 1,
            "type" : "A"
         },
         {
            "ins" : "IH1609",
            "num" : 1,
            "type" : "A"
         },
         {
            "ins" : "IH1609",
            "num" : 1,
            "type" : "A"
         },
         {
            "ins" : "IH1609",
            "num" : 1,
            "type" : "A"
         }
      ],
      [
         {
            "ins" : "TF1609",
            "num" : 1,
            "type" : "A"
         }
      ],
      [
         {
            "ins" : "bu1605",
            "num" : 1,
            "type" : "A"
         }
      ],
      [
         {
            "ins" : "pb1606",
            "num" : 1,
            "type" : "A"
         }
      ]
   ]
}
]}
_callback
_callback
req refresh
{[{
   "_callback" : ")\\'4W8~EAN\\\\sv0_nj`i6l/callbackReceiver -t -e 1.1:tcp -h 127.0.0.1 -p 55086 -t 60000",
   "_conn_id" : "",
   "_id" : "CCE615B7-6ACB-4E56-8FAB-20F4CAA1FBBC",
   "_moduleId" : "",
   "_name" : "",
   "_remoteAddress" : "127.0.0.1",
   "_remotePort" : 44017,
   "_session" : "CCE615B7-6ACB-4E56-8FAB-20F4CAA1FBBC -t -e 1.1:tcp -h 127.0.0.1 -p 10001 -t 60000",
   "_timestamp" : "170499",
   "sub_bit" : [
      [
         {
            "ins" : "IC1605",
            "num" : 1,
            "type" : "A"
         }
      ],
      [
         {
            "ins" : "IC1606",
            "num" : 1,
            "type" : "A"
         }
      ],
      [
         {
            "ins" : "IC1609",
            "num" : 1,
            "type" : "A"
         }
      ],
      [
         {
            "ins" : "IF1605",
            "num" : 1,
            "type" : "A"
         }
      ],
      [
         {
            "ins" : "IF1606",
            "num" : 1,
            "type" : "K"
         }
      ],
      [
         {
            "ins" : "IH1605",
            "num" : 1,
            "type" : "A"
         },
         {
            "ins" : "IH1605",
            "num" : 1,
            "type" : "A"
         },
         {
            "ins" : "IH1605",
            "num" : 1,
            "type" : "A"
         },
         {
            "ins" : "IH1605",
            "num" : 1,
            "type" : "A"
         }
      ],
      [
         {
            "ins" : "IH1606",
            "num" : 1,
            "type" : "A"
         },
         {
            "ins" : "IH1606",
            "num" : 1,
            "type" : "A"
         },
         {
            "ins" : "IH1606",
            "num" : 1,
            "type" : "A"
         },
         {
            "ins" : "IH1606",
            "num" : 1,
            "type" : "A"
         },
         {
            "ins" : "IH1606",
            "num" : 1,
            "type" : "A"
         }
      ],
      [
         {
            "ins" : "IH1609",
            "num" : 1,
            "type" : "A"
         },
         {
            "ins" : "IH1609",
            "num" : 1,
            "type" : "A"
         },
         {
            "ins" : "IH1609",
            "num" : 1,
            "type" : "A"
         },
         {
            "ins" : "IH1609",
            "num" : 1,
            "type" : "A"
         },
         {
            "ins" : "IH1609",
            "num" : 1,
            "type" : "A"
         }
      ],
      [
         {
            "ins" : "TF1609",
            "num" : 1,
            "type" : "A"
         }
      ],
      [
         {
            "ins" : "bu1605",
            "num" : 1,
            "type" : "A"
         }
      ],
      [
         {
            "ins" : "pb1606",
            "num" : 1,
            "type" : "A"
         }
      ]
   ]
}
]}
_callback
_callback
req refresh
{[{
   "_callback" : ")\\'4W8~EAN\\\\sv0_nj`i6l/callbackReceiver -t -e 1.1:tcp -h 127.0.0.1 -p 55086 -t 60000",
   "_conn_id" : "",
   "_id" : "CCE615B7-6ACB-4E56-8FAB-20F4CAA1FBBC",
   "_moduleId" : "",
   "_name" : "",
   "_remoteAddress" : "127.0.0.1",
   "_remotePort" : 44017,
   "_session" : "CCE615B7-6ACB-4E56-8FAB-20F4CAA1FBBC -t -e 1.1:tcp -h 127.0.0.1 -p 10001 -t 60000",
   "_timestamp" : "170501",
   "sub_bit" : [
      [
         {
            "ins" : "IC1605",
            "num" : 1,
            "type" : "A"
         }
      ],
      [
         {
            "ins" : "IC1606",
            "num" : 1,
            "type" : "A"
         }
      ],
      [
         {
            "ins" : "IC1609",
            "num" : 1,
            "type" : "A"
         }
      ],
      [
         {
            "ins" : "IF1605",
            "num" : 1,
            "type" : "A"
         }
      ],
      [
         {
            "ins" : "IF1606",
            "num" : 1,
            "type" : "K"
         }
      ],
      [
         {
            "ins" : "IH1605",
            "num" : 1,
            "type" : "A"
         },
         {
            "ins" : "IH1605",
            "num" : 1,
            "type" : "A"
         },
         {
            "ins" : "IH1605",
            "num" : 1,
            "type" : "A"
         },
         {
            "ins" : "IH1605",
            "num" : 1,
            "type" : "A"
         }
      ],
      [
         {
            "ins" : "IH1606",
            "num" : 1,
            "type" : "A"
         },
         {
            "ins" : "IH1606",
            "num" : 1,
            "type" : "A"
         },
         {
            "ins" : "IH1606",
            "num" : 1,
            "type" : "A"
         },
         {
            "ins" : "IH1606",
            "num" : 1,
            "type" : "A"
         },
         {
            "ins" : "IH1606",
            "num" : 1,
            "type" : "A"
         }
      ],
      [
         {
            "ins" : "IH1609",
            "num" : 1,
            "type" : "A"
         },
         {
            "ins" : "IH1609",
            "num" : 1,
            "type" : "A"
         },
         {
            "ins" : "IH1609",
            "num" : 1,
            "type" : "A"
         },
         {
            "ins" : "IH1609",
            "num" : 1,
            "type" : "A"
         },
         {
            "ins" : "IH1609",
            "num" : 1,
            "type" : "A"
         }
      ],
      [
         {
            "ins" : "TF1609",
            "num" : 1,
            "type" : "A"
         }
      ],
      [
         {
            "ins" : "bu1605",
            "num" : 1,
            "type" : "A"
         }
      ],
      [
         {
            "ins" : "pb1606",
            "num" : 1,
            "type" : "A"
         }
      ]
   ]
}
]}
_callback
_callback
req refresh
{[{
   "_callback" : ")\\'4W8~EAN\\\\sv0_nj`i6l/callbackReceiver -t -e 1.1:tcp -h 127.0.0.1 -p 55086 -t 60000",
   "_conn_id" : "",
   "_id" : "CCE615B7-6ACB-4E56-8FAB-20F4CAA1FBBC",
   "_moduleId" : "",
   "_name" : "",
   "_remoteAddress" : "127.0.0.1",
   "_remotePort" : 44017,
   "_session" : "CCE615B7-6ACB-4E56-8FAB-20F4CAA1FBBC -t -e 1.1:tcp -h 127.0.0.1 -p 10001 -t 60000",
   "_timestamp" : "170503",
   "sub_bit" : [
      [
         {
            "ins" : "IC1605",
            "num" : 1,
            "type" : "A"
         }
      ],
      [
         {
            "ins" : "IC1606",
            "num" : 1,
            "type" : "A"
         }
      ],
      [
         {
            "ins" : "IC1609",
            "num" : 1,
            "type" : "A"
         }
      ],
      [
         {
            "ins" : "IF1605",
            "num" : 1,
            "type" : "A"
         }
      ],
      [
         {
            "ins" : "IF1606",
            "num" : 1,
            "type" : "K"
         }
      ],
      [
         {
            "ins" : "IH1605",
            "num" : 1,
            "type" : "A"
         },
         {
            "ins" : "IH1605",
            "num" : 1,
            "type" : "A"
         },
         {
            "ins" : "IH1605",
            "num" : 1,
            "type" : "A"
         },
         {
            "ins" : "IH1605",
            "num" : 1,
            "type" : "A"
         }
      ],
      [
         {
            "ins" : "IH1606",
            "num" : 1,
            "type" : "A"
         },
         {
            "ins" : "IH1606",
            "num" : 1,
            "type" : "A"
         },
         {
            "ins" : "IH1606",
            "num" : 1,
            "type" : "A"
         },
         {
            "ins" : "IH1606",
            "num" : 1,
            "type" : "A"
         },
         {
            "ins" : "IH1606",
            "num" : 1,
            "type" : "A"
         }
      ],
      [
         {
            "ins" : "IH1609",
            "num" : 1,
            "type" : "A"
         },
         {
            "ins" : "IH1609",
            "num" : 1,
            "type" : "A"
         },
         {
            "ins" : "IH1609",
            "num" : 1,
            "type" : "A"
         },
         {
            "ins" : "IH1609",
            "num" : 1,
            "type" : "A"
         },
         {
            "ins" : "IH1609",
            "num" : 1,
            "type" : "A"
         }
      ],
      [
         {
            "ins" : "TF1609",
            "num" : 1,
            "type" : "A"
         }
      ],
      [
         {
            "ins" : "bu1605",
            "num" : 1,
            "type" : "A"
         }
      ],
      [
         {
            "ins" : "pb1606",
            "num" : 1,
            "type" : "A"
         }
      ]
   ]
}
]}
_callback
_callback
req refresh
{[{
   "_callback" : ")\\'4W8~EAN\\\\sv0_nj`i6l/callbackReceiver -t -e 1.1:tcp -h 127.0.0.1 -p 55086 -t 60000",
   "_conn_id" : "",
   "_id" : "CCE615B7-6ACB-4E56-8FAB-20F4CAA1FBBC",
   "_moduleId" : "",
   "_name" : "",
   "_remoteAddress" : "127.0.0.1",
   "_remotePort" : 44017,
   "_session" : "CCE615B7-6ACB-4E56-8FAB-20F4CAA1FBBC -t -e 1.1:tcp -h 127.0.0.1 -p 10001 -t 60000",
   "_timestamp" : "170505",
   "sub_bit" : [
      [
         {
            "ins" : "IC1605",
            "num" : 1,
            "type" : "A"
         }
      ],
      [
         {
            "ins" : "IC1606",
            "num" : 1,
            "type" : "A"
         }
      ],
      [
         {
            "ins" : "IC1609",
            "num" : 1,
            "type" : "A"
         }
      ],
      [
         {
            "ins" : "IF1605",
            "num" : 1,
            "type" : "A"
         }
      ],
      [
         {
            "ins" : "IF1606",
            "num" : 1,
            "type" : "K"
         }
      ],
      [
         {
            "ins" : "IH1605",
            "num" : 1,
            "type" : "A"
         },
         {
            "ins" : "IH1605",
            "num" : 1,
            "type" : "A"
         },
         {
            "ins" : "IH1605",
            "num" : 1,
            "type" : "A"
         },
         {
            "ins" : "IH1605",
            "num" : 1,
            "type" : "A"
         }
      ],
      [
         {
            "ins" : "IH1606",
            "num" : 1,
            "type" : "A"
         },
         {
            "ins" : "IH1606",
            "num" : 1,
            "type" : "A"
         },
         {
            "ins" : "IH1606",
            "num" : 1,
            "type" : "A"
         },
         {
            "ins" : "IH1606",
            "num" : 1,
            "type" : "A"
         },
         {
            "ins" : "IH1606",
            "num" : 1,
            "type" : "A"
         }
      ],
      [
         {
            "ins" : "IH1609",
            "num" : 1,
            "type" : "A"
         },
         {
            "ins" : "IH1609",
            "num" : 1,
            "type" : "A"
         },
         {
            "ins" : "IH1609",
            "num" : 1,
            "type" : "A"
         },
         {
            "ins" : "IH1609",
            "num" : 1,
            "type" : "A"
         },
         {
            "ins" : "IH1609",
            "num" : 1,
            "type" : "A"
         }
      ],
      [
         {
            "ins" : "TF1609",
            "num" : 1,
            "type" : "A"
         }
      ],
      [
         {
            "ins" : "bu1605",
            "num" : 1,
            "type" : "A"
         }
      ],
      [
         {
            "ins" : "pb1606",
            "num" : 1,
            "type" : "A"
         }
      ]
   ]
}
]}
_callback
_callback
req refresh
{[{
   "_callback" : ")\\'4W8~EAN\\\\sv0_nj`i6l/callbackReceiver -t -e 1.1:tcp -h 127.0.0.1 -p 55086 -t 60000",
   "_conn_id" : "",
   "_id" : "CCE615B7-6ACB-4E56-8FAB-20F4CAA1FBBC",
   "_moduleId" : "",
   "_name" : "",
   "_remoteAddress" : "127.0.0.1",
   "_remotePort" : 44017,
   "_session" : "CCE615B7-6ACB-4E56-8FAB-20F4CAA1FBBC -t -e 1.1:tcp -h 127.0.0.1 -p 10001 -t 60000",
   "_timestamp" : "170507",
   "sub_bit" : [
      [
         {
            "ins" : "IC1605",
            "num" : 1,
            "type" : "A"
         }
      ],
      [
         {
            "ins" : "IC1606",
            "num" : 1,
            "type" : "A"
         }
      ],
      [
         {
            "ins" : "IC1609",
            "num" : 1,
            "type" : "A"
         }
      ],
      [
         {
            "ins" : "IF1605",
            "num" : 1,
            "type" : "A"
         }
      ],
      [
         {
            "ins" : "IF1606",
            "num" : 1,
            "type" : "K"
         }
      ],
      [
         {
            "ins" : "IH1605",
            "num" : 1,
            "type" : "A"
         },
         {
            "ins" : "IH1605",
            "num" : 1,
            "type" : "A"
         },
         {
            "ins" : "IH1605",
            "num" : 1,
            "type" : "A"
         },
         {
            "ins" : "IH1605",
            "num" : 1,
            "type" : "A"
         }
      ],
      [
         {
            "ins" : "IH1606",
            "num" : 1,
            "type" : "A"
         },
         {
            "ins" : "IH1606",
            "num" : 1,
            "type" : "A"
         },
         {
            "ins" : "IH1606",
            "num" : 1,
            "type" : "A"
         },
         {
            "ins" : "IH1606",
            "num" : 1,
            "type" : "A"
         },
         {
            "ins" : "IH1606",
            "num" : 1,
            "type" : "A"
         }
      ],
      [
         {
            "ins" : "IH1609",
            "num" : 1,
            "type" : "A"
         },
         {
            "ins" : "IH1609",
            "num" : 1,
            "type" : "A"
         },
         {
            "ins" : "IH1609",
            "num" : 1,
            "type" : "A"
         },
         {
            "ins" : "IH1609",
            "num" : 1,
            "type" : "A"
         },
         {
            "ins" : "IH1609",
            "num" : 1,
            "type" : "A"
         }
      ],
      [
         {
            "ins" : "TF1609",
            "num" : 1,
            "type" : "A"
         }
      ],
      [
         {
            "ins" : "bu1605",
            "num" : 1,
            "type" : "A"
         }
      ],
      [
         {
            "ins" : "pb1606",
            "num" : 1,
            "type" : "A"
         }
      ]
   ]
}
]}
_callback
_callback
req refresh
{[{
   "_callback" : ")\\'4W8~EAN\\\\sv0_nj`i6l/callbackReceiver -t -e 1.1:tcp -h 127.0.0.1 -p 55086 -t 60000",
   "_conn_id" : "",
   "_id" : "CCE615B7-6ACB-4E56-8FAB-20F4CAA1FBBC",
   "_moduleId" : "",
   "_name" : "",
   "_remoteAddress" : "127.0.0.1",
   "_remotePort" : 44017,
   "_session" : "CCE615B7-6ACB-4E56-8FAB-20F4CAA1FBBC -t -e 1.1:tcp -h 127.0.0.1 -p 10001 -t 60000",
   "_timestamp" : "170509",
   "sub_bit" : [
      [
         {
            "ins" : "IC1605",
            "num" : 1,
            "type" : "A"
         }
      ],
      [
         {
            "ins" : "IC1606",
            "num" : 1,
            "type" : "A"
         }
      ],
      [
         {
            "ins" : "IC1609",
            "num" : 1,
            "type" : "A"
         }
      ],
      [
         {
            "ins" : "IF1605",
            "num" : 1,
            "type" : "A"
         }
      ],
      [
         {
            "ins" : "IF1606",
            "num" : 1,
            "type" : "K"
         }
      ],
      [
         {
            "ins" : "IH1605",
            "num" : 1,
            "type" : "A"
         },
         {
            "ins" : "IH1605",
            "num" : 1,
            "type" : "A"
         },
         {
            "ins" : "IH1605",
            "num" : 1,
            "type" : "A"
         },
         {
            "ins" : "IH1605",
            "num" : 1,
            "type" : "A"
         }
      ],
      [
         {
            "ins" : "IH1606",
            "num" : 1,
            "type" : "A"
         },
         {
            "ins" : "IH1606",
            "num" : 1,
            "type" : "A"
         },
         {
            "ins" : "IH1606",
            "num" : 1,
            "type" : "A"
         },
         {
            "ins" : "IH1606",
            "num" : 1,
            "type" : "A"
         },
         {
            "ins" : "IH1606",
            "num" : 1,
            "type" : "A"
         }
      ],
      [
         {
            "ins" : "IH1609",
            "num" : 1,
            "type" : "A"
         },
         {
            "ins" : "IH1609",
            "num" : 1,
            "type" : "A"
         },
         {
            "ins" : "IH1609",
            "num" : 1,
            "type" : "A"
         },
         {
            "ins" : "IH1609",
            "num" : 1,
            "type" : "A"
         },
         {
            "ins" : "IH1609",
            "num" : 1,
            "type" : "A"
         }
      ],
      [
         {
            "ins" : "TF1609",
            "num" : 1,
            "type" : "A"
         }
      ],
      [
         {
            "ins" : "bu1605",
            "num" : 1,
            "type" : "A"
         }
      ],
      [
         {
            "ins" : "pb1606",
            "num" : 1,
            "type" : "A"
         }
      ]
   ]
}
]}
_callback
_callback
req refresh
{[{
   "_callback" : ")\\'4W8~EAN\\\\sv0_nj`i6l/callbackReceiver -t -e 1.1:tcp -h 127.0.0.1 -p 55086 -t 60000",
   "_conn_id" : "",
   "_id" : "CCE615B7-6ACB-4E56-8FAB-20F4CAA1FBBC",
   "_moduleId" : "",
   "_name" : "",
   "_remoteAddress" : "127.0.0.1",
   "_remotePort" : 44017,
   "_session" : "CCE615B7-6ACB-4E56-8FAB-20F4CAA1FBBC -t -e 1.1:tcp -h 127.0.0.1 -p 10001 -t 60000",
   "_timestamp" : "170511",
   "sub_bit" : [
      [
         {
            "ins" : "IC1605",
            "num" : 1,
            "type" : "A"
         }
      ],
      [
         {
            "ins" : "IC1606",
            "num" : 1,
            "type" : "A"
         }
      ],
      [
         {
            "ins" : "IC1609",
            "num" : 1,
            "type" : "A"
         }
      ],
      [
         {
            "ins" : "IF1605",
            "num" : 1,
            "type" : "A"
         }
      ],
      [
         {
            "ins" : "IF1606",
            "num" : 1,
            "type" : "K"
         }
      ],
      [
         {
            "ins" : "IH1605",
            "num" : 1,
            "type" : "A"
         },
         {
            "ins" : "IH1605",
            "num" : 1,
            "type" : "A"
         },
         {
            "ins" : "IH1605",
            "num" : 1,
            "type" : "A"
         },
         {
            "ins" : "IH1605",
            "num" : 1,
            "type" : "A"
         }
      ],
      [
         {
            "ins" : "IH1606",
            "num" : 1,
            "type" : "A"
         },
         {
            "ins" : "IH1606",
            "num" : 1,
            "type" : "A"
         },
         {
            "ins" : "IH1606",
            "num" : 1,
            "type" : "A"
         },
         {
            "ins" : "IH1606",
            "num" : 1,
            "type" : "A"
         },
         {
            "ins" : "IH1606",
            "num" : 1,
            "type" : "A"
         }
      ],
      [
         {
            "ins" : "IH1609",
            "num" : 1,
            "type" : "A"
         },
         {
            "ins" : "IH1609",
            "num" : 1,
            "type" : "A"
         },
         {
            "ins" : "IH1609",
            "num" : 1,
            "type" : "A"
         },
         {
            "ins" : "IH1609",
            "num" : 1,
            "type" : "A"
         },
         {
            "ins" : "IH1609",
            "num" : 1,
            "type" : "A"
         }
      ],
      [
         {
            "ins" : "TF1609",
            "num" : 1,
            "type" : "A"
         }
      ],
      [
         {
            "ins" : "bu1605",
            "num" : 1,
            "type" : "A"
         }
      ],
      [
         {
            "ins" : "pb1606",
            "num" : 1,
            "type" : "A"
         }
      ]
   ]
}
]}
_callback
_callback
req refresh
{[{
   "_callback" : ")\\'4W8~EAN\\\\sv0_nj`i6l/callbackReceiver -t -e 1.1:tcp -h 127.0.0.1 -p 55086 -t 60000",
   "_conn_id" : "",
   "_id" : "CCE615B7-6ACB-4E56-8FAB-20F4CAA1FBBC",
   "_moduleId" : "",
   "_name" : "",
   "_remoteAddress" : "127.0.0.1",
   "_remotePort" : 44017,
   "_session" : "CCE615B7-6ACB-4E56-8FAB-20F4CAA1FBBC -t -e 1.1:tcp -h 127.0.0.1 -p 10001 -t 60000",
   "_timestamp" : "170513",
   "sub_bit" : [
      [
         {
            "ins" : "IC1605",
            "num" : 1,
            "type" : "A"
         }
      ],
      [
         {
            "ins" : "IC1606",
            "num" : 1,
            "type" : "A"
         }
      ],
      [
         {
            "ins" : "IC1609",
            "num" : 1,
            "type" : "A"
         }
      ],
      [
         {
            "ins" : "IF1605",
            "num" : 1,
            "type" : "A"
         }
      ],
      [
         {
            "ins" : "IF1606",
            "num" : 1,
            "type" : "K"
         }
      ],
      [
         {
            "ins" : "IH1605",
            "num" : 1,
            "type" : "A"
         },
         {
            "ins" : "IH1605",
            "num" : 1,
            "type" : "A"
         },
         {
            "ins" : "IH1605",
            "num" : 1,
            "type" : "A"
         },
         {
            "ins" : "IH1605",
            "num" : 1,
            "type" : "A"
         }
      ],
      [
         {
            "ins" : "IH1606",
            "num" : 1,
            "type" : "A"
         },
         {
            "ins" : "IH1606",
            "num" : 1,
            "type" : "A"
         },
         {
            "ins" : "IH1606",
            "num" : 1,
            "type" : "A"
         },
         {
            "ins" : "IH1606",
            "num" : 1,
            "type" : "A"
         },
         {
            "ins" : "IH1606",
            "num" : 1,
            "type" : "A"
         }
      ],
      [
         {
            "ins" : "IH1609",
            "num" : 1,
            "type" : "A"
         },
         {
            "ins" : "IH1609",
            "num" : 1,
            "type" : "A"
         },
         {
            "ins" : "IH1609",
            "num" : 1,
            "type" : "A"
         },
         {
            "ins" : "IH1609",
            "num" : 1,
            "type" : "A"
         },
         {
            "ins" : "IH1609",
            "num" : 1,
            "type" : "A"
         }
      ],
      [
         {
            "ins" : "TF1609",
            "num" : 1,
            "type" : "A"
         }
      ],
      [
         {
            "ins" : "bu1605",
            "num" : 1,
            "type" : "A"
         }
      ],
      [
         {
            "ins" : "pb1606",
            "num" : 1,
            "type" : "A"
         }
      ]
   ]
}
]}
_callback
_callback
req refresh
{[{
   "_callback" : ")\\'4W8~EAN\\\\sv0_nj`i6l/callbackReceiver -t -e 1.1:tcp -h 127.0.0.1 -p 55086 -t 60000",
   "_conn_id" : "",
   "_id" : "CCE615B7-6ACB-4E56-8FAB-20F4CAA1FBBC",
   "_moduleId" : "",
   "_name" : "",
   "_remoteAddress" : "127.0.0.1",
   "_remotePort" : 44017,
   "_session" : "CCE615B7-6ACB-4E56-8FAB-20F4CAA1FBBC -t -e 1.1:tcp -h 127.0.0.1 -p 10001 -t 60000",
   "_timestamp" : "170515",
   "sub_bit" : [
      [
         {
            "ins" : "IC1605",
            "num" : 1,
            "type" : "A"
         }
      ],
      [
         {
            "ins" : "IC1606",
            "num" : 1,
            "type" : "A"
         }
      ],
      [
         {
            "ins" : "IC1609",
            "num" : 1,
            "type" : "A"
         }
      ],
      [
         {
            "ins" : "IF1605",
            "num" : 1,
            "type" : "A"
         }
      ],
      [
         {
            "ins" : "IF1606",
            "num" : 1,
            "type" : "K"
         }
      ],
      [
         {
            "ins" : "IH1605",
            "num" : 1,
            "type" : "A"
         },
         {
            "ins" : "IH1605",
            "num" : 1,
            "type" : "A"
         },
         {
            "ins" : "IH1605",
            "num" : 1,
            "type" : "A"
         },
         {
            "ins" : "IH1605",
            "num" : 1,
            "type" : "A"
         }
      ],
      [
         {
            "ins" : "IH1606",
            "num" : 1,
            "type" : "A"
         },
         {
            "ins" : "IH1606",
            "num" : 1,
            "type" : "A"
         },
         {
            "ins" : "IH1606",
            "num" : 1,
            "type" : "A"
         },
         {
            "ins" : "IH1606",
            "num" : 1,
            "type" : "A"
         },
         {
            "ins" : "IH1606",
            "num" : 1,
            "type" : "A"
         }
      ],
      [
         {
            "ins" : "IH1609",
            "num" : 1,
            "type" : "A"
         },
         {
            "ins" : "IH1609",
            "num" : 1,
            "type" : "A"
         },
         {
            "ins" : "IH1609",
            "num" : 1,
            "type" : "A"
         },
         {
            "ins" : "IH1609",
            "num" : 1,
            "type" : "A"
         },
         {
            "ins" : "IH1609",
            "num" : 1,
            "type" : "A"
         }
      ],
      [
         {
            "ins" : "TF1609",
            "num" : 1,
            "type" : "A"
         }
      ],
      [
         {
            "ins" : "bu1605",
            "num" : 1,
            "type" : "A"
         }
      ],
      [
         {
            "ins" : "pb1606",
            "num" : 1,
            "type" : "A"
         }
      ]
   ]
}
]}
_callback
_callback
req refresh
{[{
   "_callback" : ")\\'4W8~EAN\\\\sv0_nj`i6l/callbackReceiver -t -e 1.1:tcp -h 127.0.0.1 -p 55086 -t 60000",
   "_conn_id" : "",
   "_id" : "CCE615B7-6ACB-4E56-8FAB-20F4CAA1FBBC",
   "_moduleId" : "",
   "_name" : "",
   "_remoteAddress" : "127.0.0.1",
   "_remotePort" : 44017,
   "_session" : "CCE615B7-6ACB-4E56-8FAB-20F4CAA1FBBC -t -e 1.1:tcp -h 127.0.0.1 -p 10001 -t 60000",
   "_timestamp" : "170517",
   "sub_bit" : [
      [
         {
            "ins" : "IC1605",
            "num" : 1,
            "type" : "A"
         }
      ],
      [
         {
            "ins" : "IC1606",
            "num" : 1,
            "type" : "A"
         }
      ],
      [
         {
            "ins" : "IC1609",
            "num" : 1,
            "type" : "A"
         }
      ],
      [
         {
            "ins" : "IF1605",
            "num" : 1,
            "type" : "A"
         }
      ],
      [
         {
            "ins" : "IF1606",
            "num" : 1,
            "type" : "K"
         }
      ],
      [
         {
            "ins" : "IH1605",
            "num" : 1,
            "type" : "A"
         },
         {
            "ins" : "IH1605",
            "num" : 1,
            "type" : "A"
         },
         {
            "ins" : "IH1605",
            "num" : 1,
            "type" : "A"
         },
         {
            "ins" : "IH1605",
            "num" : 1,
            "type" : "A"
         }
      ],
      [
         {
            "ins" : "IH1606",
            "num" : 1,
            "type" : "A"
         },
         {
            "ins" : "IH1606",
            "num" : 1,
            "type" : "A"
         },
         {
            "ins" : "IH1606",
            "num" : 1,
            "type" : "A"
         },
         {
            "ins" : "IH1606",
            "num" : 1,
            "type" : "A"
         },
         {
            "ins" : 